<?xml version="1.0" encoding="UTF-8"?>
<testsuite name="mindescape.model.world.rooms.RoomImplTest" tests="6" skipped="0" failures="1" errors="0" timestamp="2025-02-12T09:43:00" hostname="Filos-MacBook-Air.local" time="1.623">
  <properties/>
  <testcase name="testAddGameObject()" classname="mindescape.model.world.rooms.RoomImplTest" time="0.786"/>
  <testcase name="testIsPositionValid()" classname="mindescape.model.world.rooms.RoomImplTest" time="0.27"/>
  <testcase name="testGetName()" classname="mindescape.model.world.rooms.RoomImplTest" time="0.129"/>
  <testcase name="testIsPlayerPresent()" classname="mindescape.model.world.rooms.RoomImplTest" time="0.172"/>
  <testcase name="testRemoveGameObject()" classname="mindescape.model.world.rooms.RoomImplTest" time="0.157"/>
  <testcase name="testGetGameObjects()" classname="mindescape.model.world.rooms.RoomImplTest" time="0.105">
    <failure message="org.opentest4j.AssertionFailedError: expected: &lt;13&gt; but was: &lt;8&gt;" type="org.opentest4j.AssertionFailedError">org.opentest4j.AssertionFailedError: expected: &lt;13&gt; but was: &lt;8&gt;
	at app//org.junit.jupiter.api.AssertionFailureBuilder.build(AssertionFailureBuilder.java:151)
	at app//org.junit.jupiter.api.AssertionFailureBuilder.buildAndThrow(AssertionFailureBuilder.java:132)
	at app//org.junit.jupiter.api.AssertEquals.failNotEqual(AssertEquals.java:197)
	at app//org.junit.jupiter.api.AssertEquals.assertEquals(AssertEquals.java:150)
	at app//org.junit.jupiter.api.AssertEquals.assertEquals(AssertEquals.java:145)
	at app//org.junit.jupiter.api.Assertions.assertEquals(Assertions.java:531)
	at app//mindescape.model.world.rooms.RoomImplTest.testGetGameObjects(RoomImplTest.java:54)
	at java.base@20.0.1/jdk.internal.reflect.DirectMethodHandleAccessor.invoke(DirectMethodHandleAccessor.java:104)
	at java.base@20.0.1/java.lang.reflect.Method.invoke(Method.java:578)
	at app//org.junit.platform.commons.util.ReflectionUtils.invokeMethod(ReflectionUtils.java:767)
	at app//org.junit.jupiter.engine.execution.MethodInvocation.proceed(MethodInvocation.java:60)
	at app//org.junit.jupiter.engine.execution.InvocationInterceptorChain$ValidatingInvocation.proceed(InvocationInterceptorChain.java:131)
	at app//org.junit.jupiter.engine.extension.TimeoutExtension.intercept(TimeoutExtension.java:156)
	at app//org.junit.jupiter.engine.extension.TimeoutExtension.interceptTestableMethod(TimeoutExtension.java:147)
	at app//org.junit.jupiter.engine.extension.TimeoutExtension.interceptTestMethod(TimeoutExtension.java:86)
	at app//org.junit.jupiter.engine.execution.InterceptingExecutableInvoker$ReflectiveInterceptorCall.lambda$ofVoidMethod$0(InterceptingExecutableInvoker.java:103)
	at app//org.junit.jupiter.engine.execution.InterceptingExecutableInvoker.lambda$invoke$0(InterceptingExecutableInvoker.java:93)
	at app//org.junit.jupiter.engine.execution.InvocationInterceptorChain$InterceptedInvocation.proceed(InvocationInterceptorChain.java:106)
	at app//org.junit.jupiter.engine.execution.InvocationInterceptorChain.proceed(InvocationInterceptorChain.java:64)
	at app//org.junit.jupiter.engine.execution.InvocationInterceptorChain.chainAndInvoke(InvocationInterceptorChain.java:45)
	at app//org.junit.jupiter.engine.execution.InvocationInterceptorChain.invoke(InvocationInterceptorChain.java:37)
	at app//org.junit.jupiter.engine.execution.InterceptingExecutableInvoker.invoke(InterceptingExecutableInvoker.java:92)
	at app//org.junit.jupiter.engine.execution.InterceptingExecutableInvoker.invoke(InterceptingExecutableInvoker.java:86)
	at app//org.junit.jupiter.engine.descriptor.TestMethodTestDescriptor.lambda$invokeTestMethod$8(TestMethodTestDescriptor.java:217)
	at app//org.junit.platform.engine.support.hierarchical.ThrowableCollector.execute(ThrowableCollector.java:73)
	at app//org.junit.jupiter.engine.descriptor.TestMethodTestDescriptor.invokeTestMethod(TestMethodTestDescriptor.java:213)
	at app//org.junit.jupiter.engine.descriptor.TestMethodTestDescriptor.execute(TestMethodTestDescriptor.java:138)
	at app//org.junit.jupiter.engine.descriptor.TestMethodTestDescriptor.execute(TestMethodTestDescriptor.java:68)
	at app//org.junit.platform.engine.support.hierarchical.NodeTestTask.lambda$executeRecursively$6(NodeTestTask.java:156)
	at app//org.junit.platform.engine.support.hierarchical.ThrowableCollector.execute(ThrowableCollector.java:73)
	at app//org.junit.platform.engine.support.hierarchical.NodeTestTask.lambda$executeRecursively$8(NodeTestTask.java:146)
	at app//org.junit.platform.engine.support.hierarchical.Node.around(Node.java:137)
	at app//org.junit.platform.engine.support.hierarchical.NodeTestTask.lambda$executeRecursively$9(NodeTestTask.java:144)
	at app//org.junit.platform.engine.support.hierarchical.ThrowableCollector.execute(ThrowableCollector.java:73)
	at app//org.junit.platform.engine.support.hierarchical.NodeTestTask.executeRecursively(NodeTestTask.java:143)
	at app//org.junit.platform.engine.support.hierarchical.NodeTestTask.execute(NodeTestTask.java:100)
	at java.base@20.0.1/java.util.ArrayList.forEach(ArrayList.java:1511)
	at app//org.junit.platform.engine.support.hierarchical.SameThreadHierarchicalTestExecutorService.invokeAll(SameThreadHierarchicalTestExecutorService.java:41)
	at app//org.junit.platform.engine.support.hierarchical.NodeTestTask.lambda$executeRecursively$6(NodeTestTask.java:160)
	at app//org.junit.platform.engine.support.hierarchical.ThrowableCollector.execute(ThrowableCollector.java:73)
	at app//org.junit.platform.engine.support.hierarchical.NodeTestTask.lambda$executeRecursively$8(NodeTestTask.java:146)
	at app//org.junit.platform.engine.support.hierarchical.Node.around(Node.java:137)
	at app//org.junit.platform.engine.support.hierarchical.NodeTestTask.lambda$executeRecursively$9(NodeTestTask.java:144)
	at app//org.junit.platform.engine.support.hierarchical.ThrowableCollector.execute(ThrowableCollector.java:73)
	at app//org.junit.platform.engine.support.hierarchical.NodeTestTask.executeRecursively(NodeTestTask.java:143)
	at app//org.junit.platform.engine.support.hierarchical.NodeTestTask.execute(NodeTestTask.java:100)
	at java.base@20.0.1/java.util.ArrayList.forEach(ArrayList.java:1511)
	at app//org.junit.platform.engine.support.hierarchical.SameThreadHierarchicalTestExecutorService.invokeAll(SameThreadHierarchicalTestExecutorService.java:41)
	at app//org.junit.platform.engine.support.hierarchical.NodeTestTask.lambda$executeRecursively$6(NodeTestTask.java:160)
	at app//org.junit.platform.engine.support.hierarchical.ThrowableCollector.execute(ThrowableCollector.java:73)
	at app//org.junit.platform.engine.support.hierarchical.NodeTestTask.lambda$executeRecursively$8(NodeTestTask.java:146)
	at app//org.junit.platform.engine.support.hierarchical.Node.around(Node.java:137)
	at app//org.junit.platform.engine.support.hierarchical.NodeTestTask.lambda$executeRecursively$9(NodeTestTask.java:144)
	at app//org.junit.platform.engine.support.hierarchical.ThrowableCollector.execute(ThrowableCollector.java:73)
	at app//org.junit.platform.engine.support.hierarchical.NodeTestTask.executeRecursively(NodeTestTask.java:143)
	at app//org.junit.platform.engine.support.hierarchical.NodeTestTask.execute(NodeTestTask.java:100)
	at app//org.junit.platform.engine.support.hierarchical.SameThreadHierarchicalTestExecutorService.submit(SameThreadHierarchicalTestExecutorService.java:35)
	at app//org.junit.platform.engine.support.hierarchical.HierarchicalTestExecutor.execute(HierarchicalTestExecutor.java:57)
	at app//org.junit.platform.engine.support.hierarchical.HierarchicalTestEngine.execute(HierarchicalTestEngine.java:54)
	at app//org.junit.platform.launcher.core.EngineExecutionOrchestrator.execute(EngineExecutionOrchestrator.java:107)
	at app//org.junit.platform.launcher.core.EngineExecutionOrchestrator.execute(EngineExecutionOrchestrator.java:88)
	at app//org.junit.platform.launcher.core.EngineExecutionOrchestrator.lambda$execute$0(EngineExecutionOrchestrator.java:54)
	at app//org.junit.platform.launcher.core.EngineExecutionOrchestrator.withInterceptedStreams(EngineExecutionOrchestrator.java:67)
	at app//org.junit.platform.launcher.core.EngineExecutionOrchestrator.execute(EngineExecutionOrchestrator.java:52)
	at app//org.junit.platform.launcher.core.DefaultLauncher.execute(DefaultLauncher.java:114)
	at app//org.junit.platform.launcher.core.DefaultLauncher.execute(DefaultLauncher.java:86)
	at app//org.junit.platform.launcher.core.DefaultLauncherSession$DelegatingLauncher.execute(DefaultLauncherSession.java:86)
	at org.gradle.api.internal.tasks.testing.junitplatform.JUnitPlatformTestClassProcessor$CollectAllTestClassesExecutor.processAllTestClasses(JUnitPlatformTestClassProcessor.java:124)
	at org.gradle.api.internal.tasks.testing.junitplatform.JUnitPlatformTestClassProcessor$CollectAllTestClassesExecutor.access$000(JUnitPlatformTestClassProcessor.java:99)
	at org.gradle.api.internal.tasks.testing.junitplatform.JUnitPlatformTestClassProcessor.stop(JUnitPlatformTestClassProcessor.java:94)
	at org.gradle.api.internal.tasks.testing.SuiteTestClassProcessor.stop(SuiteTestClassProcessor.java:63)
	at java.base@20.0.1/jdk.internal.reflect.DirectMethodHandleAccessor.invoke(DirectMethodHandleAccessor.java:104)
	at java.base@20.0.1/java.lang.reflect.Method.invoke(Method.java:578)
	at org.gradle.internal.dispatch.ReflectionDispatch.dispatch(ReflectionDispatch.java:36)
	at org.gradle.internal.dispatch.ReflectionDispatch.dispatch(ReflectionDispatch.java:24)
	at org.gradle.internal.dispatch.ContextClassLoaderDispatch.dispatch(ContextClassLoaderDispatch.java:33)
	at org.gradle.internal.dispatch.ProxyDispatchAdapter$DispatchingInvocationHandler.invoke(ProxyDispatchAdapter.java:92)
	at jdk.proxy2/jdk.proxy2.$Proxy6.stop(Unknown Source)
	at org.gradle.api.internal.tasks.testing.worker.TestWorker$3.run(TestWorker.java:200)
	at org.gradle.api.internal.tasks.testing.worker.TestWorker.executeAndMaintainThreadName(TestWorker.java:132)
	at org.gradle.api.internal.tasks.testing.worker.TestWorker.execute(TestWorker.java:103)
	at org.gradle.api.internal.tasks.testing.worker.TestWorker.execute(TestWorker.java:63)
	at org.gradle.process.internal.worker.child.ActionExecutionWorker.execute(ActionExecutionWorker.java:56)
	at org.gradle.process.internal.worker.child.SystemApplicationClassLoaderWorker.call(SystemApplicationClassLoaderWorker.java:121)
	at org.gradle.process.internal.worker.child.SystemApplicationClassLoaderWorker.call(SystemApplicationClassLoaderWorker.java:71)
	at app//worker.org.gradle.process.internal.worker.GradleWorkerMain.run(GradleWorkerMain.java:69)
	at app//worker.org.gradle.process.internal.worker.GradleWorkerMain.main(GradleWorkerMain.java:74)
</failure>
  </testcase>
  <system-out><![CDATA[Wall
Boxes
Wall
BrokenBarrel
Broken Box
Chair
Bed
Wall
Door
PuzzleTable
Wall
Chest
Wall
Chest
BrokenBarrel
Wall
Bed
Door
Broken Box
Wall
PuzzleTable
Wall
Boxes
Wall
Wall
Chair
Wall
Wall
Chest
Door
Bed
Boxes
Wall
BrokenBarrel
PuzzleTable
Broken Box
Wall
Chair
Wall
Door
BrokenBarrel
Boxes
Bed
Wall
Chest
Broken Box
Wall
Wall
Wall
Wall
PuzzleTable
Chair
PuzzleTable
Boxes
Wall
Wall
Wall
Wall
BrokenBarrel
Wall
Door
Broken Box
Chest
Chair
Bed
Wall
Wall
Wall
Chair
Chest
PuzzleTable
Door
Broken Box
Wall
Bed
BrokenBarrel
Wall
Boxes
]]></system-out>
  <system-err><![CDATA[Feb 12, 2025 10:43:00 AM org.tiledreader.TiledReader getMap
INFO: Beginning to parse TMX file: /Users/greppifilippo/oop/projet/OOP24-mind-escape/src/resources/rooms/office.tmx
Feb 12, 2025 10:43:00 AM org.tiledreader.TiledReader checkVersion
WARNING: (line 2, column 194): Specified TMX format version (1.10) does not match expected version (1.7). Parsing errors may occur.
Feb 12, 2025 10:43:00 AM org.tiledreader.TiledReader getTileset
INFO: Beginning to parse TSX file: /Users/greppifilippo/oop/projet/OOP24-mind-escape/src/resources/tilesets/Enviroment2.tsx
Feb 12, 2025 10:43:00 AM org.tiledreader.TiledReader getTileset
INFO: Finished parsing TSX file: /Users/greppifilippo/oop/projet/OOP24-mind-escape/src/resources/tilesets/Enviroment2.tsx
Feb 12, 2025 10:43:00 AM org.tiledreader.TiledReader getTileset
INFO: Beginning to parse TSX file: /Users/greppifilippo/oop/projet/OOP24-mind-escape/src/resources/tilesets/Enviroment.tsx
Feb 12, 2025 10:43:00 AM org.tiledreader.TiledReader getTileset
INFO: Finished parsing TSX file: /Users/greppifilippo/oop/projet/OOP24-mind-escape/src/resources/tilesets/Enviroment.tsx
Feb 12, 2025 10:43:00 AM org.tiledreader.TiledReader getTileset
INFO: Beginning to parse TSX file: /Users/greppifilippo/oop/projet/OOP24-mind-escape/src/resources/tilesets/Things.tsx
Feb 12, 2025 10:43:00 AM org.tiledreader.TiledReader getTileset
INFO: Finished parsing TSX file: /Users/greppifilippo/oop/projet/OOP24-mind-escape/src/resources/tilesets/Things.tsx
Feb 12, 2025 10:43:00 AM org.tiledreader.TiledReader getTileset
INFO: Beginning to parse TSX file: /Users/greppifilippo/oop/projet/OOP24-mind-escape/src/resources/tilesets/Things2.tsx
Feb 12, 2025 10:43:00 AM org.tiledreader.TiledReader getTileset
INFO: Finished parsing TSX file: /Users/greppifilippo/oop/projet/OOP24-mind-escape/src/resources/tilesets/Things2.tsx
Feb 12, 2025 10:43:00 AM org.tiledreader.TiledReader getMap
INFO: Finished parsing TMX file: /Users/greppifilippo/oop/projet/OOP24-mind-escape/src/resources/rooms/office.tmx
Feb 12, 2025 10:43:00 AM org.tiledreader.TiledReader getMap
INFO: Beginning to parse TMX file: /Users/greppifilippo/oop/projet/OOP24-mind-escape/src/resources/rooms/final.tmx
Feb 12, 2025 10:43:00 AM org.tiledreader.TiledReader checkVersion
WARNING: (line 2, column 193): Specified TMX format version (1.10) does not match expected version (1.7). Parsing errors may occur.
Feb 12, 2025 10:43:00 AM org.tiledreader.TiledReader getTileset
INFO: Beginning to parse TSX file: /Users/greppifilippo/oop/projet/OOP24-mind-escape/src/resources/tilesets/Enviroment2.tsx
Feb 12, 2025 10:43:00 AM org.tiledreader.TiledReader getTileset
INFO: Finished parsing TSX file: /Users/greppifilippo/oop/projet/OOP24-mind-escape/src/resources/tilesets/Enviroment2.tsx
Feb 12, 2025 10:43:00 AM org.tiledreader.TiledReader getTileset
INFO: Beginning to parse TSX file: /Users/greppifilippo/oop/projet/OOP24-mind-escape/src/resources/tilesets/Enviroment.tsx
Feb 12, 2025 10:43:00 AM org.tiledreader.TiledReader getTileset
INFO: Finished parsing TSX file: /Users/greppifilippo/oop/projet/OOP24-mind-escape/src/resources/tilesets/Enviroment.tsx
Feb 12, 2025 10:43:00 AM org.tiledreader.TiledReader getMap
INFO: Finished parsing TMX file: /Users/greppifilippo/oop/projet/OOP24-mind-escape/src/resources/rooms/final.tmx
Feb 12, 2025 10:43:00 AM org.tiledreader.TiledReader getMap
INFO: Beginning to parse TMX file: /Users/greppifilippo/oop/projet/OOP24-mind-escape/src/resources/rooms/canteen.tmx
Feb 12, 2025 10:43:00 AM org.tiledreader.TiledReader checkVersion
WARNING: (line 2, column 194): Specified TMX format version (1.10) does not match expected version (1.7). Parsing errors may occur.
Feb 12, 2025 10:43:00 AM org.tiledreader.TiledReader getTileset
INFO: Beginning to parse TSX file: /Users/greppifilippo/oop/projet/OOP24-mind-escape/src/resources/tilesets/Enviroment.tsx
Feb 12, 2025 10:43:00 AM org.tiledreader.TiledReader getTileset
INFO: Finished parsing TSX file: /Users/greppifilippo/oop/projet/OOP24-mind-escape/src/resources/tilesets/Enviroment.tsx
Feb 12, 2025 10:43:00 AM org.tiledreader.TiledReader getTileset
INFO: Beginning to parse TSX file: /Users/greppifilippo/oop/projet/OOP24-mind-escape/src/resources/tilesets/Things.tsx
Feb 12, 2025 10:43:00 AM org.tiledreader.TiledReader getTileset
INFO: Finished parsing TSX file: /Users/greppifilippo/oop/projet/OOP24-mind-escape/src/resources/tilesets/Things.tsx
Feb 12, 2025 10:43:00 AM org.tiledreader.TiledReader getTileset
INFO: Beginning to parse TSX file: /Users/greppifilippo/oop/projet/OOP24-mind-escape/src/resources/tilesets/Enviroment2.tsx
Feb 12, 2025 10:43:00 AM org.tiledreader.TiledReader getTileset
INFO: Finished parsing TSX file: /Users/greppifilippo/oop/projet/OOP24-mind-escape/src/resources/tilesets/Enviroment2.tsx
Feb 12, 2025 10:43:00 AM org.tiledreader.TiledReader giveUnexpectedAttributeWarning
WARNING: (line 26, column 56): Ignoring unexpected tag attribute (class)
Feb 12, 2025 10:43:00 AM org.tiledreader.TiledReader getMap
INFO: Finished parsing TMX file: /Users/greppifilippo/oop/projet/OOP24-mind-escape/src/resources/rooms/canteen.tmx
Feb 12, 2025 10:43:00 AM org.tiledreader.TiledReader getMap
INFO: Beginning to parse TMX file: /Users/greppifilippo/oop/projet/OOP24-mind-escape/src/resources/rooms/bedroom.tmx
Feb 12, 2025 10:43:00 AM org.tiledreader.TiledReader checkVersion
WARNING: (line 2, column 194): Specified TMX format version (1.10) does not match expected version (1.7). Parsing errors may occur.
Feb 12, 2025 10:43:00 AM org.tiledreader.TiledReader getTileset
INFO: Beginning to parse TSX file: /Users/greppifilippo/oop/projet/OOP24-mind-escape/src/resources/tilesets/Enviroment.tsx
Feb 12, 2025 10:43:00 AM org.tiledreader.TiledReader getTileset
INFO: Finished parsing TSX file: /Users/greppifilippo/oop/projet/OOP24-mind-escape/src/resources/tilesets/Enviroment.tsx
Feb 12, 2025 10:43:00 AM org.tiledreader.TiledReader getTileset
INFO: Beginning to parse TSX file: /Users/greppifilippo/oop/projet/OOP24-mind-escape/src/resources/tilesets/Things.tsx
Feb 12, 2025 10:43:00 AM org.tiledreader.TiledReader getTileset
INFO: Finished parsing TSX file: /Users/greppifilippo/oop/projet/OOP24-mind-escape/src/resources/tilesets/Things.tsx
Feb 12, 2025 10:43:00 AM org.tiledreader.TiledReader getTileset
INFO: Beginning to parse TSX file: /Users/greppifilippo/oop/projet/OOP24-mind-escape/src/resources/tilesets/Things2.tsx
Feb 12, 2025 10:43:00 AM org.tiledreader.TiledReader getTileset
INFO: Finished parsing TSX file: /Users/greppifilippo/oop/projet/OOP24-mind-escape/src/resources/tilesets/Things2.tsx
Feb 12, 2025 10:43:00 AM org.tiledreader.TiledReader getMap
INFO: Finished parsing TMX file: /Users/greppifilippo/oop/projet/OOP24-mind-escape/src/resources/rooms/bedroom.tmx
Feb 12, 2025 10:43:00 AM org.tiledreader.TiledReader getMap
INFO: Beginning to parse TMX file: /Users/greppifilippo/oop/projet/OOP24-mind-escape/src/resources/rooms/archive.tmx
Feb 12, 2025 10:43:00 AM org.tiledreader.TiledReader checkVersion
WARNING: (line 2, column 194): Specified TMX format version (1.10) does not match expected version (1.7). Parsing errors may occur.
Feb 12, 2025 10:43:00 AM org.tiledreader.TiledReader getTileset
INFO: Beginning to parse TSX file: /Users/greppifilippo/oop/projet/OOP24-mind-escape/src/resources/tilesets/Enviroment2.tsx
Feb 12, 2025 10:43:00 AM org.tiledreader.TiledReader getTileset
INFO: Finished parsing TSX file: /Users/greppifilippo/oop/projet/OOP24-mind-escape/src/resources/tilesets/Enviroment2.tsx
Feb 12, 2025 10:43:00 AM org.tiledreader.TiledReader getTileset
INFO: Beginning to parse TSX file: /Users/greppifilippo/oop/projet/OOP24-mind-escape/src/resources/tilesets/Enviroment.tsx
Feb 12, 2025 10:43:00 AM org.tiledreader.TiledReader getTileset
INFO: Finished parsing TSX file: /Users/greppifilippo/oop/projet/OOP24-mind-escape/src/resources/tilesets/Enviroment.tsx
Feb 12, 2025 10:43:00 AM org.tiledreader.TiledReader getTileset
INFO: Beginning to parse TSX file: /Users/greppifilippo/oop/projet/OOP24-mind-escape/src/resources/tilesets/Things2.tsx
Feb 12, 2025 10:43:00 AM org.tiledreader.TiledReader getTileset
INFO: Finished parsing TSX file: /Users/greppifilippo/oop/projet/OOP24-mind-escape/src/resources/tilesets/Things2.tsx
Feb 12, 2025 10:43:00 AM org.tiledreader.TiledReader getTileset
INFO: Beginning to parse TSX file: /Users/greppifilippo/oop/projet/OOP24-mind-escape/src/resources/tilesets/Things.tsx
Feb 12, 2025 10:43:00 AM org.tiledreader.TiledReader getTileset
INFO: Finished parsing TSX file: /Users/greppifilippo/oop/projet/OOP24-mind-escape/src/resources/tilesets/Things.tsx
Feb 12, 2025 10:43:00 AM org.tiledreader.TiledReader getMap
INFO: Finished parsing TMX file: /Users/greppifilippo/oop/projet/OOP24-mind-escape/src/resources/rooms/archive.tmx
Feb 12, 2025 10:43:00 AM org.tiledreader.TiledReader getMap
INFO: Beginning to parse TMX file: /Users/greppifilippo/oop/projet/OOP24-mind-escape/src/resources/rooms/office.tmx
Feb 12, 2025 10:43:00 AM org.tiledreader.TiledReader checkVersion
WARNING: (line 2, column 194): Specified TMX format version (1.10) does not match expected version (1.7). Parsing errors may occur.
Feb 12, 2025 10:43:00 AM org.tiledreader.TiledReader getTileset
INFO: Beginning to parse TSX file: /Users/greppifilippo/oop/projet/OOP24-mind-escape/src/resources/tilesets/Enviroment2.tsx
Feb 12, 2025 10:43:00 AM org.tiledreader.TiledReader getTileset
INFO: Finished parsing TSX file: /Users/greppifilippo/oop/projet/OOP24-mind-escape/src/resources/tilesets/Enviroment2.tsx
Feb 12, 2025 10:43:00 AM org.tiledreader.TiledReader getTileset
INFO: Beginning to parse TSX file: /Users/greppifilippo/oop/projet/OOP24-mind-escape/src/resources/tilesets/Enviroment.tsx
Feb 12, 2025 10:43:00 AM org.tiledreader.TiledReader getTileset
INFO: Finished parsing TSX file: /Users/greppifilippo/oop/projet/OOP24-mind-escape/src/resources/tilesets/Enviroment.tsx
Feb 12, 2025 10:43:00 AM org.tiledreader.TiledReader getTileset
INFO: Beginning to parse TSX file: /Users/greppifilippo/oop/projet/OOP24-mind-escape/src/resources/tilesets/Things.tsx
Feb 12, 2025 10:43:00 AM org.tiledreader.TiledReader getTileset
INFO: Finished parsing TSX file: /Users/greppifilippo/oop/projet/OOP24-mind-escape/src/resources/tilesets/Things.tsx
Feb 12, 2025 10:43:00 AM org.tiledreader.TiledReader getTileset
INFO: Beginning to parse TSX file: /Users/greppifilippo/oop/projet/OOP24-mind-escape/src/resources/tilesets/Things2.tsx
Feb 12, 2025 10:43:00 AM org.tiledreader.TiledReader getTileset
INFO: Finished parsing TSX file: /Users/greppifilippo/oop/projet/OOP24-mind-escape/src/resources/tilesets/Things2.tsx
Feb 12, 2025 10:43:00 AM org.tiledreader.TiledReader getMap
INFO: Finished parsing TMX file: /Users/greppifilippo/oop/projet/OOP24-mind-escape/src/resources/rooms/office.tmx
Feb 12, 2025 10:43:00 AM org.tiledreader.TiledReader getMap
INFO: Beginning to parse TMX file: /Users/greppifilippo/oop/projet/OOP24-mind-escape/src/resources/rooms/final.tmx
Feb 12, 2025 10:43:00 AM org.tiledreader.TiledReader checkVersion
WARNING: (line 2, column 193): Specified TMX format version (1.10) does not match expected version (1.7). Parsing errors may occur.
Feb 12, 2025 10:43:00 AM org.tiledreader.TiledReader getTileset
INFO: Beginning to parse TSX file: /Users/greppifilippo/oop/projet/OOP24-mind-escape/src/resources/tilesets/Enviroment2.tsx
Feb 12, 2025 10:43:00 AM org.tiledreader.TiledReader getTileset
INFO: Finished parsing TSX file: /Users/greppifilippo/oop/projet/OOP24-mind-escape/src/resources/tilesets/Enviroment2.tsx
Feb 12, 2025 10:43:00 AM org.tiledreader.TiledReader getTileset
INFO: Beginning to parse TSX file: /Users/greppifilippo/oop/projet/OOP24-mind-escape/src/resources/tilesets/Enviroment.tsx
Feb 12, 2025 10:43:00 AM org.tiledreader.TiledReader getTileset
INFO: Finished parsing TSX file: /Users/greppifilippo/oop/projet/OOP24-mind-escape/src/resources/tilesets/Enviroment.tsx
Feb 12, 2025 10:43:00 AM org.tiledreader.TiledReader getMap
INFO: Finished parsing TMX file: /Users/greppifilippo/oop/projet/OOP24-mind-escape/src/resources/rooms/final.tmx
Feb 12, 2025 10:43:00 AM org.tiledreader.TiledReader getMap
INFO: Beginning to parse TMX file: /Users/greppifilippo/oop/projet/OOP24-mind-escape/src/resources/rooms/canteen.tmx
Feb 12, 2025 10:43:00 AM org.tiledreader.TiledReader checkVersion
WARNING: (line 2, column 194): Specified TMX format version (1.10) does not match expected version (1.7). Parsing errors may occur.
Feb 12, 2025 10:43:00 AM org.tiledreader.TiledReader getTileset
INFO: Beginning to parse TSX file: /Users/greppifilippo/oop/projet/OOP24-mind-escape/src/resources/tilesets/Enviroment.tsx
Feb 12, 2025 10:43:00 AM org.tiledreader.TiledReader getTileset
INFO: Finished parsing TSX file: /Users/greppifilippo/oop/projet/OOP24-mind-escape/src/resources/tilesets/Enviroment.tsx
Feb 12, 2025 10:43:00 AM org.tiledreader.TiledReader getTileset
INFO: Beginning to parse TSX file: /Users/greppifilippo/oop/projet/OOP24-mind-escape/src/resources/tilesets/Things.tsx
Feb 12, 2025 10:43:00 AM org.tiledreader.TiledReader getTileset
INFO: Finished parsing TSX file: /Users/greppifilippo/oop/projet/OOP24-mind-escape/src/resources/tilesets/Things.tsx
Feb 12, 2025 10:43:00 AM org.tiledreader.TiledReader getTileset
INFO: Beginning to parse TSX file: /Users/greppifilippo/oop/projet/OOP24-mind-escape/src/resources/tilesets/Enviroment2.tsx
Feb 12, 2025 10:43:00 AM org.tiledreader.TiledReader getTileset
INFO: Finished parsing TSX file: /Users/greppifilippo/oop/projet/OOP24-mind-escape/src/resources/tilesets/Enviroment2.tsx
Feb 12, 2025 10:43:00 AM org.tiledreader.TiledReader giveUnexpectedAttributeWarning
WARNING: (line 26, column 56): Ignoring unexpected tag attribute (class)
Feb 12, 2025 10:43:00 AM org.tiledreader.TiledReader getMap
INFO: Finished parsing TMX file: /Users/greppifilippo/oop/projet/OOP24-mind-escape/src/resources/rooms/canteen.tmx
Feb 12, 2025 10:43:00 AM org.tiledreader.TiledReader getMap
INFO: Beginning to parse TMX file: /Users/greppifilippo/oop/projet/OOP24-mind-escape/src/resources/rooms/bedroom.tmx
Feb 12, 2025 10:43:00 AM org.tiledreader.TiledReader checkVersion
WARNING: (line 2, column 194): Specified TMX format version (1.10) does not match expected version (1.7). Parsing errors may occur.
Feb 12, 2025 10:43:00 AM org.tiledreader.TiledReader getTileset
INFO: Beginning to parse TSX file: /Users/greppifilippo/oop/projet/OOP24-mind-escape/src/resources/tilesets/Enviroment.tsx
Feb 12, 2025 10:43:00 AM org.tiledreader.TiledReader getTileset
INFO: Finished parsing TSX file: /Users/greppifilippo/oop/projet/OOP24-mind-escape/src/resources/tilesets/Enviroment.tsx
Feb 12, 2025 10:43:00 AM org.tiledreader.TiledReader getTileset
INFO: Beginning to parse TSX file: /Users/greppifilippo/oop/projet/OOP24-mind-escape/src/resources/tilesets/Things.tsx
Feb 12, 2025 10:43:00 AM org.tiledreader.TiledReader getTileset
INFO: Finished parsing TSX file: /Users/greppifilippo/oop/projet/OOP24-mind-escape/src/resources/tilesets/Things.tsx
Feb 12, 2025 10:43:00 AM org.tiledreader.TiledReader getTileset
INFO: Beginning to parse TSX file: /Users/greppifilippo/oop/projet/OOP24-mind-escape/src/resources/tilesets/Things2.tsx
Feb 12, 2025 10:43:00 AM org.tiledreader.TiledReader getTileset
INFO: Finished parsing TSX file: /Users/greppifilippo/oop/projet/OOP24-mind-escape/src/resources/tilesets/Things2.tsx
Feb 12, 2025 10:43:00 AM org.tiledreader.TiledReader getMap
INFO: Finished parsing TMX file: /Users/greppifilippo/oop/projet/OOP24-mind-escape/src/resources/rooms/bedroom.tmx
Feb 12, 2025 10:43:01 AM org.tiledreader.TiledReader getMap
INFO: Beginning to parse TMX file: /Users/greppifilippo/oop/projet/OOP24-mind-escape/src/resources/rooms/archive.tmx
Feb 12, 2025 10:43:01 AM org.tiledreader.TiledReader checkVersion
WARNING: (line 2, column 194): Specified TMX format version (1.10) does not match expected version (1.7). Parsing errors may occur.
Feb 12, 2025 10:43:01 AM org.tiledreader.TiledReader getTileset
INFO: Beginning to parse TSX file: /Users/greppifilippo/oop/projet/OOP24-mind-escape/src/resources/tilesets/Enviroment2.tsx
Feb 12, 2025 10:43:01 AM org.tiledreader.TiledReader getTileset
INFO: Finished parsing TSX file: /Users/greppifilippo/oop/projet/OOP24-mind-escape/src/resources/tilesets/Enviroment2.tsx
Feb 12, 2025 10:43:01 AM org.tiledreader.TiledReader getTileset
INFO: Beginning to parse TSX file: /Users/greppifilippo/oop/projet/OOP24-mind-escape/src/resources/tilesets/Enviroment.tsx
Feb 12, 2025 10:43:01 AM org.tiledreader.TiledReader getTileset
INFO: Finished parsing TSX file: /Users/greppifilippo/oop/projet/OOP24-mind-escape/src/resources/tilesets/Enviroment.tsx
Feb 12, 2025 10:43:01 AM org.tiledreader.TiledReader getTileset
INFO: Beginning to parse TSX file: /Users/greppifilippo/oop/projet/OOP24-mind-escape/src/resources/tilesets/Things2.tsx
Feb 12, 2025 10:43:01 AM org.tiledreader.TiledReader getTileset
INFO: Finished parsing TSX file: /Users/greppifilippo/oop/projet/OOP24-mind-escape/src/resources/tilesets/Things2.tsx
Feb 12, 2025 10:43:01 AM org.tiledreader.TiledReader getTileset
INFO: Beginning to parse TSX file: /Users/greppifilippo/oop/projet/OOP24-mind-escape/src/resources/tilesets/Things.tsx
Feb 12, 2025 10:43:01 AM org.tiledreader.TiledReader getTileset
INFO: Finished parsing TSX file: /Users/greppifilippo/oop/projet/OOP24-mind-escape/src/resources/tilesets/Things.tsx
Feb 12, 2025 10:43:01 AM org.tiledreader.TiledReader getMap
INFO: Finished parsing TMX file: /Users/greppifilippo/oop/projet/OOP24-mind-escape/src/resources/rooms/archive.tmx
Feb 12, 2025 10:43:01 AM org.tiledreader.TiledReader getMap
INFO: Beginning to parse TMX file: /Users/greppifilippo/oop/projet/OOP24-mind-escape/src/resources/rooms/office.tmx
Feb 12, 2025 10:43:01 AM org.tiledreader.TiledReader checkVersion
WARNING: (line 2, column 194): Specified TMX format version (1.10) does not match expected version (1.7). Parsing errors may occur.
Feb 12, 2025 10:43:01 AM org.tiledreader.TiledReader getTileset
INFO: Beginning to parse TSX file: /Users/greppifilippo/oop/projet/OOP24-mind-escape/src/resources/tilesets/Enviroment2.tsx
Feb 12, 2025 10:43:01 AM org.tiledreader.TiledReader getTileset
INFO: Finished parsing TSX file: /Users/greppifilippo/oop/projet/OOP24-mind-escape/src/resources/tilesets/Enviroment2.tsx
Feb 12, 2025 10:43:01 AM org.tiledreader.TiledReader getTileset
INFO: Beginning to parse TSX file: /Users/greppifilippo/oop/projet/OOP24-mind-escape/src/resources/tilesets/Enviroment.tsx
Feb 12, 2025 10:43:01 AM org.tiledreader.TiledReader getTileset
INFO: Finished parsing TSX file: /Users/greppifilippo/oop/projet/OOP24-mind-escape/src/resources/tilesets/Enviroment.tsx
Feb 12, 2025 10:43:01 AM org.tiledreader.TiledReader getTileset
INFO: Beginning to parse TSX file: /Users/greppifilippo/oop/projet/OOP24-mind-escape/src/resources/tilesets/Things.tsx
Feb 12, 2025 10:43:01 AM org.tiledreader.TiledReader getTileset
INFO: Finished parsing TSX file: /Users/greppifilippo/oop/projet/OOP24-mind-escape/src/resources/tilesets/Things.tsx
Feb 12, 2025 10:43:01 AM org.tiledreader.TiledReader getTileset
INFO: Beginning to parse TSX file: /Users/greppifilippo/oop/projet/OOP24-mind-escape/src/resources/tilesets/Things2.tsx
Feb 12, 2025 10:43:01 AM org.tiledreader.TiledReader getTileset
INFO: Finished parsing TSX file: /Users/greppifilippo/oop/projet/OOP24-mind-escape/src/resources/tilesets/Things2.tsx
Feb 12, 2025 10:43:01 AM org.tiledreader.TiledReader getMap
INFO: Finished parsing TMX file: /Users/greppifilippo/oop/projet/OOP24-mind-escape/src/resources/rooms/office.tmx
Feb 12, 2025 10:43:01 AM org.tiledreader.TiledReader getMap
INFO: Beginning to parse TMX file: /Users/greppifilippo/oop/projet/OOP24-mind-escape/src/resources/rooms/final.tmx
Feb 12, 2025 10:43:01 AM org.tiledreader.TiledReader checkVersion
WARNING: (line 2, column 193): Specified TMX format version (1.10) does not match expected version (1.7). Parsing errors may occur.
Feb 12, 2025 10:43:01 AM org.tiledreader.TiledReader getTileset
INFO: Beginning to parse TSX file: /Users/greppifilippo/oop/projet/OOP24-mind-escape/src/resources/tilesets/Enviroment2.tsx
Feb 12, 2025 10:43:01 AM org.tiledreader.TiledReader getTileset
INFO: Finished parsing TSX file: /Users/greppifilippo/oop/projet/OOP24-mind-escape/src/resources/tilesets/Enviroment2.tsx
Feb 12, 2025 10:43:01 AM org.tiledreader.TiledReader getTileset
INFO: Beginning to parse TSX file: /Users/greppifilippo/oop/projet/OOP24-mind-escape/src/resources/tilesets/Enviroment.tsx
Feb 12, 2025 10:43:01 AM org.tiledreader.TiledReader getTileset
INFO: Finished parsing TSX file: /Users/greppifilippo/oop/projet/OOP24-mind-escape/src/resources/tilesets/Enviroment.tsx
Feb 12, 2025 10:43:01 AM org.tiledreader.TiledReader getMap
INFO: Finished parsing TMX file: /Users/greppifilippo/oop/projet/OOP24-mind-escape/src/resources/rooms/final.tmx
Feb 12, 2025 10:43:01 AM org.tiledreader.TiledReader getMap
INFO: Beginning to parse TMX file: /Users/greppifilippo/oop/projet/OOP24-mind-escape/src/resources/rooms/canteen.tmx
Feb 12, 2025 10:43:01 AM org.tiledreader.TiledReader checkVersion
WARNING: (line 2, column 194): Specified TMX format version (1.10) does not match expected version (1.7). Parsing errors may occur.
Feb 12, 2025 10:43:01 AM org.tiledreader.TiledReader getTileset
INFO: Beginning to parse TSX file: /Users/greppifilippo/oop/projet/OOP24-mind-escape/src/resources/tilesets/Enviroment.tsx
Feb 12, 2025 10:43:01 AM org.tiledreader.TiledReader getTileset
INFO: Finished parsing TSX file: /Users/greppifilippo/oop/projet/OOP24-mind-escape/src/resources/tilesets/Enviroment.tsx
Feb 12, 2025 10:43:01 AM org.tiledreader.TiledReader getTileset
INFO: Beginning to parse TSX file: /Users/greppifilippo/oop/projet/OOP24-mind-escape/src/resources/tilesets/Things.tsx
Feb 12, 2025 10:43:01 AM org.tiledreader.TiledReader getTileset
INFO: Finished parsing TSX file: /Users/greppifilippo/oop/projet/OOP24-mind-escape/src/resources/tilesets/Things.tsx
Feb 12, 2025 10:43:01 AM org.tiledreader.TiledReader getTileset
INFO: Beginning to parse TSX file: /Users/greppifilippo/oop/projet/OOP24-mind-escape/src/resources/tilesets/Enviroment2.tsx
Feb 12, 2025 10:43:01 AM org.tiledreader.TiledReader getTileset
INFO: Finished parsing TSX file: /Users/greppifilippo/oop/projet/OOP24-mind-escape/src/resources/tilesets/Enviroment2.tsx
Feb 12, 2025 10:43:01 AM org.tiledreader.TiledReader giveUnexpectedAttributeWarning
WARNING: (line 26, column 56): Ignoring unexpected tag attribute (class)
Feb 12, 2025 10:43:01 AM org.tiledreader.TiledReader getMap
INFO: Finished parsing TMX file: /Users/greppifilippo/oop/projet/OOP24-mind-escape/src/resources/rooms/canteen.tmx
Feb 12, 2025 10:43:01 AM org.tiledreader.TiledReader getMap
INFO: Beginning to parse TMX file: /Users/greppifilippo/oop/projet/OOP24-mind-escape/src/resources/rooms/bedroom.tmx
Feb 12, 2025 10:43:01 AM org.tiledreader.TiledReader checkVersion
WARNING: (line 2, column 194): Specified TMX format version (1.10) does not match expected version (1.7). Parsing errors may occur.
Feb 12, 2025 10:43:01 AM org.tiledreader.TiledReader getTileset
INFO: Beginning to parse TSX file: /Users/greppifilippo/oop/projet/OOP24-mind-escape/src/resources/tilesets/Enviroment.tsx
Feb 12, 2025 10:43:01 AM org.tiledreader.TiledReader getTileset
INFO: Finished parsing TSX file: /Users/greppifilippo/oop/projet/OOP24-mind-escape/src/resources/tilesets/Enviroment.tsx
Feb 12, 2025 10:43:01 AM org.tiledreader.TiledReader getTileset
INFO: Beginning to parse TSX file: /Users/greppifilippo/oop/projet/OOP24-mind-escape/src/resources/tilesets/Things.tsx
Feb 12, 2025 10:43:01 AM org.tiledreader.TiledReader getTileset
INFO: Finished parsing TSX file: /Users/greppifilippo/oop/projet/OOP24-mind-escape/src/resources/tilesets/Things.tsx
Feb 12, 2025 10:43:01 AM org.tiledreader.TiledReader getTileset
INFO: Beginning to parse TSX file: /Users/greppifilippo/oop/projet/OOP24-mind-escape/src/resources/tilesets/Things2.tsx
Feb 12, 2025 10:43:01 AM org.tiledreader.TiledReader getTileset
INFO: Finished parsing TSX file: /Users/greppifilippo/oop/projet/OOP24-mind-escape/src/resources/tilesets/Things2.tsx
Feb 12, 2025 10:43:01 AM org.tiledreader.TiledReader getMap
INFO: Finished parsing TMX file: /Users/greppifilippo/oop/projet/OOP24-mind-escape/src/resources/rooms/bedroom.tmx
Feb 12, 2025 10:43:01 AM org.tiledreader.TiledReader getMap
INFO: Beginning to parse TMX file: /Users/greppifilippo/oop/projet/OOP24-mind-escape/src/resources/rooms/archive.tmx
Feb 12, 2025 10:43:01 AM org.tiledreader.TiledReader checkVersion
WARNING: (line 2, column 194): Specified TMX format version (1.10) does not match expected version (1.7). Parsing errors may occur.
Feb 12, 2025 10:43:01 AM org.tiledreader.TiledReader getTileset
INFO: Beginning to parse TSX file: /Users/greppifilippo/oop/projet/OOP24-mind-escape/src/resources/tilesets/Enviroment2.tsx
Feb 12, 2025 10:43:01 AM org.tiledreader.TiledReader getTileset
INFO: Finished parsing TSX file: /Users/greppifilippo/oop/projet/OOP24-mind-escape/src/resources/tilesets/Enviroment2.tsx
Feb 12, 2025 10:43:01 AM org.tiledreader.TiledReader getTileset
INFO: Beginning to parse TSX file: /Users/greppifilippo/oop/projet/OOP24-mind-escape/src/resources/tilesets/Enviroment.tsx
Feb 12, 2025 10:43:01 AM org.tiledreader.TiledReader getTileset
INFO: Finished parsing TSX file: /Users/greppifilippo/oop/projet/OOP24-mind-escape/src/resources/tilesets/Enviroment.tsx
Feb 12, 2025 10:43:01 AM org.tiledreader.TiledReader getTileset
INFO: Beginning to parse TSX file: /Users/greppifilippo/oop/projet/OOP24-mind-escape/src/resources/tilesets/Things2.tsx
Feb 12, 2025 10:43:01 AM org.tiledreader.TiledReader getTileset
INFO: Finished parsing TSX file: /Users/greppifilippo/oop/projet/OOP24-mind-escape/src/resources/tilesets/Things2.tsx
Feb 12, 2025 10:43:01 AM org.tiledreader.TiledReader getTileset
INFO: Beginning to parse TSX file: /Users/greppifilippo/oop/projet/OOP24-mind-escape/src/resources/tilesets/Things.tsx
Feb 12, 2025 10:43:01 AM org.tiledreader.TiledReader getTileset
INFO: Finished parsing TSX file: /Users/greppifilippo/oop/projet/OOP24-mind-escape/src/resources/tilesets/Things.tsx
Feb 12, 2025 10:43:01 AM org.tiledreader.TiledReader getMap
INFO: Finished parsing TMX file: /Users/greppifilippo/oop/projet/OOP24-mind-escape/src/resources/rooms/archive.tmx
Feb 12, 2025 10:43:01 AM org.tiledreader.TiledReader getMap
INFO: Beginning to parse TMX file: /Users/greppifilippo/oop/projet/OOP24-mind-escape/src/resources/rooms/office.tmx
Feb 12, 2025 10:43:01 AM org.tiledreader.TiledReader checkVersion
WARNING: (line 2, column 194): Specified TMX format version (1.10) does not match expected version (1.7). Parsing errors may occur.
Feb 12, 2025 10:43:01 AM org.tiledreader.TiledReader getTileset
INFO: Beginning to parse TSX file: /Users/greppifilippo/oop/projet/OOP24-mind-escape/src/resources/tilesets/Enviroment2.tsx
Feb 12, 2025 10:43:01 AM org.tiledreader.TiledReader getTileset
INFO: Finished parsing TSX file: /Users/greppifilippo/oop/projet/OOP24-mind-escape/src/resources/tilesets/Enviroment2.tsx
Feb 12, 2025 10:43:01 AM org.tiledreader.TiledReader getTileset
INFO: Beginning to parse TSX file: /Users/greppifilippo/oop/projet/OOP24-mind-escape/src/resources/tilesets/Enviroment.tsx
Feb 12, 2025 10:43:01 AM org.tiledreader.TiledReader getTileset
INFO: Finished parsing TSX file: /Users/greppifilippo/oop/projet/OOP24-mind-escape/src/resources/tilesets/Enviroment.tsx
Feb 12, 2025 10:43:01 AM org.tiledreader.TiledReader getTileset
INFO: Beginning to parse TSX file: /Users/greppifilippo/oop/projet/OOP24-mind-escape/src/resources/tilesets/Things.tsx
Feb 12, 2025 10:43:01 AM org.tiledreader.TiledReader getTileset
INFO: Finished parsing TSX file: /Users/greppifilippo/oop/projet/OOP24-mind-escape/src/resources/tilesets/Things.tsx
Feb 12, 2025 10:43:01 AM org.tiledreader.TiledReader getTileset
INFO: Beginning to parse TSX file: /Users/greppifilippo/oop/projet/OOP24-mind-escape/src/resources/tilesets/Things2.tsx
Feb 12, 2025 10:43:01 AM org.tiledreader.TiledReader getTileset
INFO: Finished parsing TSX file: /Users/greppifilippo/oop/projet/OOP24-mind-escape/src/resources/tilesets/Things2.tsx
Feb 12, 2025 10:43:01 AM org.tiledreader.TiledReader getMap
INFO: Finished parsing TMX file: /Users/greppifilippo/oop/projet/OOP24-mind-escape/src/resources/rooms/office.tmx
Feb 12, 2025 10:43:01 AM org.tiledreader.TiledReader getMap
INFO: Beginning to parse TMX file: /Users/greppifilippo/oop/projet/OOP24-mind-escape/src/resources/rooms/final.tmx
Feb 12, 2025 10:43:01 AM org.tiledreader.TiledReader checkVersion
WARNING: (line 2, column 193): Specified TMX format version (1.10) does not match expected version (1.7). Parsing errors may occur.
Feb 12, 2025 10:43:01 AM org.tiledreader.TiledReader getTileset
INFO: Beginning to parse TSX file: /Users/greppifilippo/oop/projet/OOP24-mind-escape/src/resources/tilesets/Enviroment2.tsx
Feb 12, 2025 10:43:01 AM org.tiledreader.TiledReader getTileset
INFO: Finished parsing TSX file: /Users/greppifilippo/oop/projet/OOP24-mind-escape/src/resources/tilesets/Enviroment2.tsx
Feb 12, 2025 10:43:01 AM org.tiledreader.TiledReader getTileset
INFO: Beginning to parse TSX file: /Users/greppifilippo/oop/projet/OOP24-mind-escape/src/resources/tilesets/Enviroment.tsx
Feb 12, 2025 10:43:01 AM org.tiledreader.TiledReader getTileset
INFO: Finished parsing TSX file: /Users/greppifilippo/oop/projet/OOP24-mind-escape/src/resources/tilesets/Enviroment.tsx
Feb 12, 2025 10:43:01 AM org.tiledreader.TiledReader getMap
INFO: Finished parsing TMX file: /Users/greppifilippo/oop/projet/OOP24-mind-escape/src/resources/rooms/final.tmx
Feb 12, 2025 10:43:01 AM org.tiledreader.TiledReader getMap
INFO: Beginning to parse TMX file: /Users/greppifilippo/oop/projet/OOP24-mind-escape/src/resources/rooms/canteen.tmx
Feb 12, 2025 10:43:01 AM org.tiledreader.TiledReader checkVersion
WARNING: (line 2, column 194): Specified TMX format version (1.10) does not match expected version (1.7). Parsing errors may occur.
Feb 12, 2025 10:43:01 AM org.tiledreader.TiledReader getTileset
INFO: Beginning to parse TSX file: /Users/greppifilippo/oop/projet/OOP24-mind-escape/src/resources/tilesets/Enviroment.tsx
Feb 12, 2025 10:43:01 AM org.tiledreader.TiledReader getTileset
INFO: Finished parsing TSX file: /Users/greppifilippo/oop/projet/OOP24-mind-escape/src/resources/tilesets/Enviroment.tsx
Feb 12, 2025 10:43:01 AM org.tiledreader.TiledReader getTileset
INFO: Beginning to parse TSX file: /Users/greppifilippo/oop/projet/OOP24-mind-escape/src/resources/tilesets/Things.tsx
Feb 12, 2025 10:43:01 AM org.tiledreader.TiledReader getTileset
INFO: Finished parsing TSX file: /Users/greppifilippo/oop/projet/OOP24-mind-escape/src/resources/tilesets/Things.tsx
Feb 12, 2025 10:43:01 AM org.tiledreader.TiledReader getTileset
INFO: Beginning to parse TSX file: /Users/greppifilippo/oop/projet/OOP24-mind-escape/src/resources/tilesets/Enviroment2.tsx
Feb 12, 2025 10:43:01 AM org.tiledreader.TiledReader getTileset
INFO: Finished parsing TSX file: /Users/greppifilippo/oop/projet/OOP24-mind-escape/src/resources/tilesets/Enviroment2.tsx
Feb 12, 2025 10:43:01 AM org.tiledreader.TiledReader giveUnexpectedAttributeWarning
WARNING: (line 26, column 56): Ignoring unexpected tag attribute (class)
Feb 12, 2025 10:43:01 AM org.tiledreader.TiledReader getMap
INFO: Finished parsing TMX file: /Users/greppifilippo/oop/projet/OOP24-mind-escape/src/resources/rooms/canteen.tmx
Feb 12, 2025 10:43:01 AM org.tiledreader.TiledReader getMap
INFO: Beginning to parse TMX file: /Users/greppifilippo/oop/projet/OOP24-mind-escape/src/resources/rooms/bedroom.tmx
Feb 12, 2025 10:43:01 AM org.tiledreader.TiledReader checkVersion
WARNING: (line 2, column 194): Specified TMX format version (1.10) does not match expected version (1.7). Parsing errors may occur.
Feb 12, 2025 10:43:01 AM org.tiledreader.TiledReader getTileset
INFO: Beginning to parse TSX file: /Users/greppifilippo/oop/projet/OOP24-mind-escape/src/resources/tilesets/Enviroment.tsx
Feb 12, 2025 10:43:01 AM org.tiledreader.TiledReader getTileset
INFO: Finished parsing TSX file: /Users/greppifilippo/oop/projet/OOP24-mind-escape/src/resources/tilesets/Enviroment.tsx
Feb 12, 2025 10:43:01 AM org.tiledreader.TiledReader getTileset
INFO: Beginning to parse TSX file: /Users/greppifilippo/oop/projet/OOP24-mind-escape/src/resources/tilesets/Things.tsx
Feb 12, 2025 10:43:01 AM org.tiledreader.TiledReader getTileset
INFO: Finished parsing TSX file: /Users/greppifilippo/oop/projet/OOP24-mind-escape/src/resources/tilesets/Things.tsx
Feb 12, 2025 10:43:01 AM org.tiledreader.TiledReader getTileset
INFO: Beginning to parse TSX file: /Users/greppifilippo/oop/projet/OOP24-mind-escape/src/resources/tilesets/Things2.tsx
Feb 12, 2025 10:43:01 AM org.tiledreader.TiledReader getTileset
INFO: Finished parsing TSX file: /Users/greppifilippo/oop/projet/OOP24-mind-escape/src/resources/tilesets/Things2.tsx
Feb 12, 2025 10:43:01 AM org.tiledreader.TiledReader getMap
INFO: Finished parsing TMX file: /Users/greppifilippo/oop/projet/OOP24-mind-escape/src/resources/rooms/bedroom.tmx
Feb 12, 2025 10:43:01 AM org.tiledreader.TiledReader getMap
INFO: Beginning to parse TMX file: /Users/greppifilippo/oop/projet/OOP24-mind-escape/src/resources/rooms/archive.tmx
Feb 12, 2025 10:43:01 AM org.tiledreader.TiledReader checkVersion
WARNING: (line 2, column 194): Specified TMX format version (1.10) does not match expected version (1.7). Parsing errors may occur.
Feb 12, 2025 10:43:01 AM org.tiledreader.TiledReader getTileset
INFO: Beginning to parse TSX file: /Users/greppifilippo/oop/projet/OOP24-mind-escape/src/resources/tilesets/Enviroment2.tsx
Feb 12, 2025 10:43:01 AM org.tiledreader.TiledReader getTileset
INFO: Finished parsing TSX file: /Users/greppifilippo/oop/projet/OOP24-mind-escape/src/resources/tilesets/Enviroment2.tsx
Feb 12, 2025 10:43:01 AM org.tiledreader.TiledReader getTileset
INFO: Beginning to parse TSX file: /Users/greppifilippo/oop/projet/OOP24-mind-escape/src/resources/tilesets/Enviroment.tsx
Feb 12, 2025 10:43:01 AM org.tiledreader.TiledReader getTileset
INFO: Finished parsing TSX file: /Users/greppifilippo/oop/projet/OOP24-mind-escape/src/resources/tilesets/Enviroment.tsx
Feb 12, 2025 10:43:01 AM org.tiledreader.TiledReader getTileset
INFO: Beginning to parse TSX file: /Users/greppifilippo/oop/projet/OOP24-mind-escape/src/resources/tilesets/Things2.tsx
Feb 12, 2025 10:43:01 AM org.tiledreader.TiledReader getTileset
INFO: Finished parsing TSX file: /Users/greppifilippo/oop/projet/OOP24-mind-escape/src/resources/tilesets/Things2.tsx
Feb 12, 2025 10:43:01 AM org.tiledreader.TiledReader getTileset
INFO: Beginning to parse TSX file: /Users/greppifilippo/oop/projet/OOP24-mind-escape/src/resources/tilesets/Things.tsx
Feb 12, 2025 10:43:01 AM org.tiledreader.TiledReader getTileset
INFO: Finished parsing TSX file: /Users/greppifilippo/oop/projet/OOP24-mind-escape/src/resources/tilesets/Things.tsx
Feb 12, 2025 10:43:01 AM org.tiledreader.TiledReader getMap
INFO: Finished parsing TMX file: /Users/greppifilippo/oop/projet/OOP24-mind-escape/src/resources/rooms/archive.tmx
Feb 12, 2025 10:43:01 AM org.tiledreader.TiledReader getMap
INFO: Beginning to parse TMX file: /Users/greppifilippo/oop/projet/OOP24-mind-escape/src/resources/rooms/office.tmx
Feb 12, 2025 10:43:01 AM org.tiledreader.TiledReader checkVersion
WARNING: (line 2, column 194): Specified TMX format version (1.10) does not match expected version (1.7). Parsing errors may occur.
Feb 12, 2025 10:43:01 AM org.tiledreader.TiledReader getTileset
INFO: Beginning to parse TSX file: /Users/greppifilippo/oop/projet/OOP24-mind-escape/src/resources/tilesets/Enviroment2.tsx
Feb 12, 2025 10:43:01 AM org.tiledreader.TiledReader getTileset
INFO: Finished parsing TSX file: /Users/greppifilippo/oop/projet/OOP24-mind-escape/src/resources/tilesets/Enviroment2.tsx
Feb 12, 2025 10:43:01 AM org.tiledreader.TiledReader getTileset
INFO: Beginning to parse TSX file: /Users/greppifilippo/oop/projet/OOP24-mind-escape/src/resources/tilesets/Enviroment.tsx
Feb 12, 2025 10:43:01 AM org.tiledreader.TiledReader getTileset
INFO: Finished parsing TSX file: /Users/greppifilippo/oop/projet/OOP24-mind-escape/src/resources/tilesets/Enviroment.tsx
Feb 12, 2025 10:43:01 AM org.tiledreader.TiledReader getTileset
INFO: Beginning to parse TSX file: /Users/greppifilippo/oop/projet/OOP24-mind-escape/src/resources/tilesets/Things.tsx
Feb 12, 2025 10:43:01 AM org.tiledreader.TiledReader getTileset
INFO: Finished parsing TSX file: /Users/greppifilippo/oop/projet/OOP24-mind-escape/src/resources/tilesets/Things.tsx
Feb 12, 2025 10:43:01 AM org.tiledreader.TiledReader getTileset
INFO: Beginning to parse TSX file: /Users/greppifilippo/oop/projet/OOP24-mind-escape/src/resources/tilesets/Things2.tsx
Feb 12, 2025 10:43:01 AM org.tiledreader.TiledReader getTileset
INFO: Finished parsing TSX file: /Users/greppifilippo/oop/projet/OOP24-mind-escape/src/resources/tilesets/Things2.tsx
Feb 12, 2025 10:43:01 AM org.tiledreader.TiledReader getMap
INFO: Finished parsing TMX file: /Users/greppifilippo/oop/projet/OOP24-mind-escape/src/resources/rooms/office.tmx
Feb 12, 2025 10:43:01 AM org.tiledreader.TiledReader getMap
INFO: Beginning to parse TMX file: /Users/greppifilippo/oop/projet/OOP24-mind-escape/src/resources/rooms/final.tmx
Feb 12, 2025 10:43:01 AM org.tiledreader.TiledReader checkVersion
WARNING: (line 2, column 193): Specified TMX format version (1.10) does not match expected version (1.7). Parsing errors may occur.
Feb 12, 2025 10:43:01 AM org.tiledreader.TiledReader getTileset
INFO: Beginning to parse TSX file: /Users/greppifilippo/oop/projet/OOP24-mind-escape/src/resources/tilesets/Enviroment2.tsx
Feb 12, 2025 10:43:01 AM org.tiledreader.TiledReader getTileset
INFO: Finished parsing TSX file: /Users/greppifilippo/oop/projet/OOP24-mind-escape/src/resources/tilesets/Enviroment2.tsx
Feb 12, 2025 10:43:01 AM org.tiledreader.TiledReader getTileset
INFO: Beginning to parse TSX file: /Users/greppifilippo/oop/projet/OOP24-mind-escape/src/resources/tilesets/Enviroment.tsx
Feb 12, 2025 10:43:01 AM org.tiledreader.TiledReader getTileset
INFO: Finished parsing TSX file: /Users/greppifilippo/oop/projet/OOP24-mind-escape/src/resources/tilesets/Enviroment.tsx
Feb 12, 2025 10:43:01 AM org.tiledreader.TiledReader getMap
INFO: Finished parsing TMX file: /Users/greppifilippo/oop/projet/OOP24-mind-escape/src/resources/rooms/final.tmx
Feb 12, 2025 10:43:01 AM org.tiledreader.TiledReader getMap
INFO: Beginning to parse TMX file: /Users/greppifilippo/oop/projet/OOP24-mind-escape/src/resources/rooms/canteen.tmx
Feb 12, 2025 10:43:01 AM org.tiledreader.TiledReader checkVersion
WARNING: (line 2, column 194): Specified TMX format version (1.10) does not match expected version (1.7). Parsing errors may occur.
Feb 12, 2025 10:43:01 AM org.tiledreader.TiledReader getTileset
INFO: Beginning to parse TSX file: /Users/greppifilippo/oop/projet/OOP24-mind-escape/src/resources/tilesets/Enviroment.tsx
Feb 12, 2025 10:43:01 AM org.tiledreader.TiledReader getTileset
INFO: Finished parsing TSX file: /Users/greppifilippo/oop/projet/OOP24-mind-escape/src/resources/tilesets/Enviroment.tsx
Feb 12, 2025 10:43:01 AM org.tiledreader.TiledReader getTileset
INFO: Beginning to parse TSX file: /Users/greppifilippo/oop/projet/OOP24-mind-escape/src/resources/tilesets/Things.tsx
Feb 12, 2025 10:43:01 AM org.tiledreader.TiledReader getTileset
INFO: Finished parsing TSX file: /Users/greppifilippo/oop/projet/OOP24-mind-escape/src/resources/tilesets/Things.tsx
Feb 12, 2025 10:43:01 AM org.tiledreader.TiledReader getTileset
INFO: Beginning to parse TSX file: /Users/greppifilippo/oop/projet/OOP24-mind-escape/src/resources/tilesets/Enviroment2.tsx
Feb 12, 2025 10:43:01 AM org.tiledreader.TiledReader getTileset
INFO: Finished parsing TSX file: /Users/greppifilippo/oop/projet/OOP24-mind-escape/src/resources/tilesets/Enviroment2.tsx
Feb 12, 2025 10:43:01 AM org.tiledreader.TiledReader giveUnexpectedAttributeWarning
WARNING: (line 26, column 56): Ignoring unexpected tag attribute (class)
Feb 12, 2025 10:43:01 AM org.tiledreader.TiledReader getMap
INFO: Finished parsing TMX file: /Users/greppifilippo/oop/projet/OOP24-mind-escape/src/resources/rooms/canteen.tmx
Feb 12, 2025 10:43:01 AM org.tiledreader.TiledReader getMap
INFO: Beginning to parse TMX file: /Users/greppifilippo/oop/projet/OOP24-mind-escape/src/resources/rooms/bedroom.tmx
Feb 12, 2025 10:43:01 AM org.tiledreader.TiledReader checkVersion
WARNING: (line 2, column 194): Specified TMX format version (1.10) does not match expected version (1.7). Parsing errors may occur.
Feb 12, 2025 10:43:01 AM org.tiledreader.TiledReader getTileset
INFO: Beginning to parse TSX file: /Users/greppifilippo/oop/projet/OOP24-mind-escape/src/resources/tilesets/Enviroment.tsx
Feb 12, 2025 10:43:01 AM org.tiledreader.TiledReader getTileset
INFO: Finished parsing TSX file: /Users/greppifilippo/oop/projet/OOP24-mind-escape/src/resources/tilesets/Enviroment.tsx
Feb 12, 2025 10:43:01 AM org.tiledreader.TiledReader getTileset
INFO: Beginning to parse TSX file: /Users/greppifilippo/oop/projet/OOP24-mind-escape/src/resources/tilesets/Things.tsx
Feb 12, 2025 10:43:01 AM org.tiledreader.TiledReader getTileset
INFO: Finished parsing TSX file: /Users/greppifilippo/oop/projet/OOP24-mind-escape/src/resources/tilesets/Things.tsx
Feb 12, 2025 10:43:01 AM org.tiledreader.TiledReader getTileset
INFO: Beginning to parse TSX file: /Users/greppifilippo/oop/projet/OOP24-mind-escape/src/resources/tilesets/Things2.tsx
Feb 12, 2025 10:43:01 AM org.tiledreader.TiledReader getTileset
INFO: Finished parsing TSX file: /Users/greppifilippo/oop/projet/OOP24-mind-escape/src/resources/tilesets/Things2.tsx
Feb 12, 2025 10:43:01 AM org.tiledreader.TiledReader getMap
INFO: Finished parsing TMX file: /Users/greppifilippo/oop/projet/OOP24-mind-escape/src/resources/rooms/bedroom.tmx
Feb 12, 2025 10:43:01 AM org.tiledreader.TiledReader getMap
INFO: Beginning to parse TMX file: /Users/greppifilippo/oop/projet/OOP24-mind-escape/src/resources/rooms/archive.tmx
Feb 12, 2025 10:43:01 AM org.tiledreader.TiledReader checkVersion
WARNING: (line 2, column 194): Specified TMX format version (1.10) does not match expected version (1.7). Parsing errors may occur.
Feb 12, 2025 10:43:01 AM org.tiledreader.TiledReader getTileset
INFO: Beginning to parse TSX file: /Users/greppifilippo/oop/projet/OOP24-mind-escape/src/resources/tilesets/Enviroment2.tsx
Feb 12, 2025 10:43:01 AM org.tiledreader.TiledReader getTileset
INFO: Finished parsing TSX file: /Users/greppifilippo/oop/projet/OOP24-mind-escape/src/resources/tilesets/Enviroment2.tsx
Feb 12, 2025 10:43:01 AM org.tiledreader.TiledReader getTileset
INFO: Beginning to parse TSX file: /Users/greppifilippo/oop/projet/OOP24-mind-escape/src/resources/tilesets/Enviroment.tsx
Feb 12, 2025 10:43:01 AM org.tiledreader.TiledReader getTileset
INFO: Finished parsing TSX file: /Users/greppifilippo/oop/projet/OOP24-mind-escape/src/resources/tilesets/Enviroment.tsx
Feb 12, 2025 10:43:01 AM org.tiledreader.TiledReader getTileset
INFO: Beginning to parse TSX file: /Users/greppifilippo/oop/projet/OOP24-mind-escape/src/resources/tilesets/Things2.tsx
Feb 12, 2025 10:43:01 AM org.tiledreader.TiledReader getTileset
INFO: Finished parsing TSX file: /Users/greppifilippo/oop/projet/OOP24-mind-escape/src/resources/tilesets/Things2.tsx
Feb 12, 2025 10:43:01 AM org.tiledreader.TiledReader getTileset
INFO: Beginning to parse TSX file: /Users/greppifilippo/oop/projet/OOP24-mind-escape/src/resources/tilesets/Things.tsx
Feb 12, 2025 10:43:01 AM org.tiledreader.TiledReader getTileset
INFO: Finished parsing TSX file: /Users/greppifilippo/oop/projet/OOP24-mind-escape/src/resources/tilesets/Things.tsx
Feb 12, 2025 10:43:01 AM org.tiledreader.TiledReader getMap
INFO: Finished parsing TMX file: /Users/greppifilippo/oop/projet/OOP24-mind-escape/src/resources/rooms/archive.tmx
Feb 12, 2025 10:43:01 AM org.tiledreader.TiledReader getMap
INFO: Beginning to parse TMX file: /Users/greppifilippo/oop/projet/OOP24-mind-escape/src/resources/rooms/office.tmx
Feb 12, 2025 10:43:01 AM org.tiledreader.TiledReader checkVersion
WARNING: (line 2, column 194): Specified TMX format version (1.10) does not match expected version (1.7). Parsing errors may occur.
Feb 12, 2025 10:43:01 AM org.tiledreader.TiledReader getTileset
INFO: Beginning to parse TSX file: /Users/greppifilippo/oop/projet/OOP24-mind-escape/src/resources/tilesets/Enviroment2.tsx
Feb 12, 2025 10:43:01 AM org.tiledreader.TiledReader getTileset
INFO: Finished parsing TSX file: /Users/greppifilippo/oop/projet/OOP24-mind-escape/src/resources/tilesets/Enviroment2.tsx
Feb 12, 2025 10:43:01 AM org.tiledreader.TiledReader getTileset
INFO: Beginning to parse TSX file: /Users/greppifilippo/oop/projet/OOP24-mind-escape/src/resources/tilesets/Enviroment.tsx
Feb 12, 2025 10:43:01 AM org.tiledreader.TiledReader getTileset
INFO: Finished parsing TSX file: /Users/greppifilippo/oop/projet/OOP24-mind-escape/src/resources/tilesets/Enviroment.tsx
Feb 12, 2025 10:43:01 AM org.tiledreader.TiledReader getTileset
INFO: Beginning to parse TSX file: /Users/greppifilippo/oop/projet/OOP24-mind-escape/src/resources/tilesets/Things.tsx
Feb 12, 2025 10:43:01 AM org.tiledreader.TiledReader getTileset
INFO: Finished parsing TSX file: /Users/greppifilippo/oop/projet/OOP24-mind-escape/src/resources/tilesets/Things.tsx
Feb 12, 2025 10:43:01 AM org.tiledreader.TiledReader getTileset
INFO: Beginning to parse TSX file: /Users/greppifilippo/oop/projet/OOP24-mind-escape/src/resources/tilesets/Things2.tsx
Feb 12, 2025 10:43:01 AM org.tiledreader.TiledReader getTileset
INFO: Finished parsing TSX file: /Users/greppifilippo/oop/projet/OOP24-mind-escape/src/resources/tilesets/Things2.tsx
Feb 12, 2025 10:43:01 AM org.tiledreader.TiledReader getMap
INFO: Finished parsing TMX file: /Users/greppifilippo/oop/projet/OOP24-mind-escape/src/resources/rooms/office.tmx
Feb 12, 2025 10:43:01 AM org.tiledreader.TiledReader getMap
INFO: Beginning to parse TMX file: /Users/greppifilippo/oop/projet/OOP24-mind-escape/src/resources/rooms/final.tmx
Feb 12, 2025 10:43:01 AM org.tiledreader.TiledReader checkVersion
WARNING: (line 2, column 193): Specified TMX format version (1.10) does not match expected version (1.7). Parsing errors may occur.
Feb 12, 2025 10:43:01 AM org.tiledreader.TiledReader getTileset
INFO: Beginning to parse TSX file: /Users/greppifilippo/oop/projet/OOP24-mind-escape/src/resources/tilesets/Enviroment2.tsx
Feb 12, 2025 10:43:01 AM org.tiledreader.TiledReader getTileset
INFO: Finished parsing TSX file: /Users/greppifilippo/oop/projet/OOP24-mind-escape/src/resources/tilesets/Enviroment2.tsx
Feb 12, 2025 10:43:01 AM org.tiledreader.TiledReader getTileset
INFO: Beginning to parse TSX file: /Users/greppifilippo/oop/projet/OOP24-mind-escape/src/resources/tilesets/Enviroment.tsx
Feb 12, 2025 10:43:01 AM org.tiledreader.TiledReader getTileset
INFO: Finished parsing TSX file: /Users/greppifilippo/oop/projet/OOP24-mind-escape/src/resources/tilesets/Enviroment.tsx
Feb 12, 2025 10:43:01 AM org.tiledreader.TiledReader getMap
INFO: Finished parsing TMX file: /Users/greppifilippo/oop/projet/OOP24-mind-escape/src/resources/rooms/final.tmx
Feb 12, 2025 10:43:01 AM org.tiledreader.TiledReader getMap
INFO: Beginning to parse TMX file: /Users/greppifilippo/oop/projet/OOP24-mind-escape/src/resources/rooms/canteen.tmx
Feb 12, 2025 10:43:01 AM org.tiledreader.TiledReader checkVersion
WARNING: (line 2, column 194): Specified TMX format version (1.10) does not match expected version (1.7). Parsing errors may occur.
Feb 12, 2025 10:43:01 AM org.tiledreader.TiledReader getTileset
INFO: Beginning to parse TSX file: /Users/greppifilippo/oop/projet/OOP24-mind-escape/src/resources/tilesets/Enviroment.tsx
Feb 12, 2025 10:43:01 AM org.tiledreader.TiledReader getTileset
INFO: Finished parsing TSX file: /Users/greppifilippo/oop/projet/OOP24-mind-escape/src/resources/tilesets/Enviroment.tsx
Feb 12, 2025 10:43:01 AM org.tiledreader.TiledReader getTileset
INFO: Beginning to parse TSX file: /Users/greppifilippo/oop/projet/OOP24-mind-escape/src/resources/tilesets/Things.tsx
Feb 12, 2025 10:43:01 AM org.tiledreader.TiledReader getTileset
INFO: Finished parsing TSX file: /Users/greppifilippo/oop/projet/OOP24-mind-escape/src/resources/tilesets/Things.tsx
Feb 12, 2025 10:43:01 AM org.tiledreader.TiledReader getTileset
INFO: Beginning to parse TSX file: /Users/greppifilippo/oop/projet/OOP24-mind-escape/src/resources/tilesets/Enviroment2.tsx
Feb 12, 2025 10:43:01 AM org.tiledreader.TiledReader getTileset
INFO: Finished parsing TSX file: /Users/greppifilippo/oop/projet/OOP24-mind-escape/src/resources/tilesets/Enviroment2.tsx
Feb 12, 2025 10:43:01 AM org.tiledreader.TiledReader giveUnexpectedAttributeWarning
WARNING: (line 26, column 56): Ignoring unexpected tag attribute (class)
Feb 12, 2025 10:43:01 AM org.tiledreader.TiledReader getMap
INFO: Finished parsing TMX file: /Users/greppifilippo/oop/projet/OOP24-mind-escape/src/resources/rooms/canteen.tmx
Feb 12, 2025 10:43:01 AM org.tiledreader.TiledReader getMap
INFO: Beginning to parse TMX file: /Users/greppifilippo/oop/projet/OOP24-mind-escape/src/resources/rooms/bedroom.tmx
Feb 12, 2025 10:43:01 AM org.tiledreader.TiledReader checkVersion
WARNING: (line 2, column 194): Specified TMX format version (1.10) does not match expected version (1.7). Parsing errors may occur.
Feb 12, 2025 10:43:01 AM org.tiledreader.TiledReader getTileset
INFO: Beginning to parse TSX file: /Users/greppifilippo/oop/projet/OOP24-mind-escape/src/resources/tilesets/Enviroment.tsx
Feb 12, 2025 10:43:01 AM org.tiledreader.TiledReader getTileset
INFO: Finished parsing TSX file: /Users/greppifilippo/oop/projet/OOP24-mind-escape/src/resources/tilesets/Enviroment.tsx
Feb 12, 2025 10:43:01 AM org.tiledreader.TiledReader getTileset
INFO: Beginning to parse TSX file: /Users/greppifilippo/oop/projet/OOP24-mind-escape/src/resources/tilesets/Things.tsx
Feb 12, 2025 10:43:01 AM org.tiledreader.TiledReader getTileset
INFO: Finished parsing TSX file: /Users/greppifilippo/oop/projet/OOP24-mind-escape/src/resources/tilesets/Things.tsx
Feb 12, 2025 10:43:01 AM org.tiledreader.TiledReader getTileset
INFO: Beginning to parse TSX file: /Users/greppifilippo/oop/projet/OOP24-mind-escape/src/resources/tilesets/Things2.tsx
Feb 12, 2025 10:43:01 AM org.tiledreader.TiledReader getTileset
INFO: Finished parsing TSX file: /Users/greppifilippo/oop/projet/OOP24-mind-escape/src/resources/tilesets/Things2.tsx
Feb 12, 2025 10:43:01 AM org.tiledreader.TiledReader getMap
INFO: Finished parsing TMX file: /Users/greppifilippo/oop/projet/OOP24-mind-escape/src/resources/rooms/bedroom.tmx
Feb 12, 2025 10:43:01 AM org.tiledreader.TiledReader getMap
INFO: Beginning to parse TMX file: /Users/greppifilippo/oop/projet/OOP24-mind-escape/src/resources/rooms/archive.tmx
Feb 12, 2025 10:43:01 AM org.tiledreader.TiledReader checkVersion
WARNING: (line 2, column 194): Specified TMX format version (1.10) does not match expected version (1.7). Parsing errors may occur.
Feb 12, 2025 10:43:01 AM org.tiledreader.TiledReader getTileset
INFO: Beginning to parse TSX file: /Users/greppifilippo/oop/projet/OOP24-mind-escape/src/resources/tilesets/Enviroment2.tsx
Feb 12, 2025 10:43:01 AM org.tiledreader.TiledReader getTileset
INFO: Finished parsing TSX file: /Users/greppifilippo/oop/projet/OOP24-mind-escape/src/resources/tilesets/Enviroment2.tsx
Feb 12, 2025 10:43:01 AM org.tiledreader.TiledReader getTileset
INFO: Beginning to parse TSX file: /Users/greppifilippo/oop/projet/OOP24-mind-escape/src/resources/tilesets/Enviroment.tsx
Feb 12, 2025 10:43:01 AM org.tiledreader.TiledReader getTileset
INFO: Finished parsing TSX file: /Users/greppifilippo/oop/projet/OOP24-mind-escape/src/resources/tilesets/Enviroment.tsx
Feb 12, 2025 10:43:01 AM org.tiledreader.TiledReader getTileset
INFO: Beginning to parse TSX file: /Users/greppifilippo/oop/projet/OOP24-mind-escape/src/resources/tilesets/Things2.tsx
Feb 12, 2025 10:43:01 AM org.tiledreader.TiledReader getTileset
INFO: Finished parsing TSX file: /Users/greppifilippo/oop/projet/OOP24-mind-escape/src/resources/tilesets/Things2.tsx
Feb 12, 2025 10:43:01 AM org.tiledreader.TiledReader getTileset
INFO: Beginning to parse TSX file: /Users/greppifilippo/oop/projet/OOP24-mind-escape/src/resources/tilesets/Things.tsx
Feb 12, 2025 10:43:01 AM org.tiledreader.TiledReader getTileset
INFO: Finished parsing TSX file: /Users/greppifilippo/oop/projet/OOP24-mind-escape/src/resources/tilesets/Things.tsx
Feb 12, 2025 10:43:01 AM org.tiledreader.TiledReader getMap
INFO: Finished parsing TMX file: /Users/greppifilippo/oop/projet/OOP24-mind-escape/src/resources/rooms/archive.tmx
Feb 12, 2025 10:43:01 AM org.tiledreader.TiledReader getMap
INFO: Beginning to parse TMX file: /Users/greppifilippo/oop/projet/OOP24-mind-escape/src/resources/rooms/office.tmx
Feb 12, 2025 10:43:01 AM org.tiledreader.TiledReader checkVersion
WARNING: (line 2, column 194): Specified TMX format version (1.10) does not match expected version (1.7). Parsing errors may occur.
Feb 12, 2025 10:43:01 AM org.tiledreader.TiledReader getTileset
INFO: Beginning to parse TSX file: /Users/greppifilippo/oop/projet/OOP24-mind-escape/src/resources/tilesets/Enviroment2.tsx
Feb 12, 2025 10:43:01 AM org.tiledreader.TiledReader getTileset
INFO: Finished parsing TSX file: /Users/greppifilippo/oop/projet/OOP24-mind-escape/src/resources/tilesets/Enviroment2.tsx
Feb 12, 2025 10:43:01 AM org.tiledreader.TiledReader getTileset
INFO: Beginning to parse TSX file: /Users/greppifilippo/oop/projet/OOP24-mind-escape/src/resources/tilesets/Enviroment.tsx
Feb 12, 2025 10:43:01 AM org.tiledreader.TiledReader getTileset
INFO: Finished parsing TSX file: /Users/greppifilippo/oop/projet/OOP24-mind-escape/src/resources/tilesets/Enviroment.tsx
Feb 12, 2025 10:43:01 AM org.tiledreader.TiledReader getTileset
INFO: Beginning to parse TSX file: /Users/greppifilippo/oop/projet/OOP24-mind-escape/src/resources/tilesets/Things.tsx
Feb 12, 2025 10:43:01 AM org.tiledreader.TiledReader getTileset
INFO: Finished parsing TSX file: /Users/greppifilippo/oop/projet/OOP24-mind-escape/src/resources/tilesets/Things.tsx
Feb 12, 2025 10:43:01 AM org.tiledreader.TiledReader getTileset
INFO: Beginning to parse TSX file: /Users/greppifilippo/oop/projet/OOP24-mind-escape/src/resources/tilesets/Things2.tsx
Feb 12, 2025 10:43:01 AM org.tiledreader.TiledReader getTileset
INFO: Finished parsing TSX file: /Users/greppifilippo/oop/projet/OOP24-mind-escape/src/resources/tilesets/Things2.tsx
Feb 12, 2025 10:43:01 AM org.tiledreader.TiledReader getMap
INFO: Finished parsing TMX file: /Users/greppifilippo/oop/projet/OOP24-mind-escape/src/resources/rooms/office.tmx
Feb 12, 2025 10:43:01 AM org.tiledreader.TiledReader getMap
INFO: Beginning to parse TMX file: /Users/greppifilippo/oop/projet/OOP24-mind-escape/src/resources/rooms/final.tmx
Feb 12, 2025 10:43:01 AM org.tiledreader.TiledReader checkVersion
WARNING: (line 2, column 193): Specified TMX format version (1.10) does not match expected version (1.7). Parsing errors may occur.
Feb 12, 2025 10:43:01 AM org.tiledreader.TiledReader getTileset
INFO: Beginning to parse TSX file: /Users/greppifilippo/oop/projet/OOP24-mind-escape/src/resources/tilesets/Enviroment2.tsx
Feb 12, 2025 10:43:01 AM org.tiledreader.TiledReader getTileset
INFO: Finished parsing TSX file: /Users/greppifilippo/oop/projet/OOP24-mind-escape/src/resources/tilesets/Enviroment2.tsx
Feb 12, 2025 10:43:01 AM org.tiledreader.TiledReader getTileset
INFO: Beginning to parse TSX file: /Users/greppifilippo/oop/projet/OOP24-mind-escape/src/resources/tilesets/Enviroment.tsx
Feb 12, 2025 10:43:01 AM org.tiledreader.TiledReader getTileset
INFO: Finished parsing TSX file: /Users/greppifilippo/oop/projet/OOP24-mind-escape/src/resources/tilesets/Enviroment.tsx
Feb 12, 2025 10:43:01 AM org.tiledreader.TiledReader getMap
INFO: Finished parsing TMX file: /Users/greppifilippo/oop/projet/OOP24-mind-escape/src/resources/rooms/final.tmx
Feb 12, 2025 10:43:01 AM org.tiledreader.TiledReader getMap
INFO: Beginning to parse TMX file: /Users/greppifilippo/oop/projet/OOP24-mind-escape/src/resources/rooms/canteen.tmx
Feb 12, 2025 10:43:01 AM org.tiledreader.TiledReader checkVersion
WARNING: (line 2, column 194): Specified TMX format version (1.10) does not match expected version (1.7). Parsing errors may occur.
Feb 12, 2025 10:43:01 AM org.tiledreader.TiledReader getTileset
INFO: Beginning to parse TSX file: /Users/greppifilippo/oop/projet/OOP24-mind-escape/src/resources/tilesets/Enviroment.tsx
Feb 12, 2025 10:43:01 AM org.tiledreader.TiledReader getTileset
INFO: Finished parsing TSX file: /Users/greppifilippo/oop/projet/OOP24-mind-escape/src/resources/tilesets/Enviroment.tsx
Feb 12, 2025 10:43:01 AM org.tiledreader.TiledReader getTileset
INFO: Beginning to parse TSX file: /Users/greppifilippo/oop/projet/OOP24-mind-escape/src/resources/tilesets/Things.tsx
Feb 12, 2025 10:43:01 AM org.tiledreader.TiledReader getTileset
INFO: Finished parsing TSX file: /Users/greppifilippo/oop/projet/OOP24-mind-escape/src/resources/tilesets/Things.tsx
Feb 12, 2025 10:43:01 AM org.tiledreader.TiledReader getTileset
INFO: Beginning to parse TSX file: /Users/greppifilippo/oop/projet/OOP24-mind-escape/src/resources/tilesets/Enviroment2.tsx
Feb 12, 2025 10:43:01 AM org.tiledreader.TiledReader getTileset
INFO: Finished parsing TSX file: /Users/greppifilippo/oop/projet/OOP24-mind-escape/src/resources/tilesets/Enviroment2.tsx
Feb 12, 2025 10:43:01 AM org.tiledreader.TiledReader giveUnexpectedAttributeWarning
WARNING: (line 26, column 56): Ignoring unexpected tag attribute (class)
Feb 12, 2025 10:43:01 AM org.tiledreader.TiledReader getMap
INFO: Finished parsing TMX file: /Users/greppifilippo/oop/projet/OOP24-mind-escape/src/resources/rooms/canteen.tmx
Feb 12, 2025 10:43:01 AM org.tiledreader.TiledReader getMap
INFO: Beginning to parse TMX file: /Users/greppifilippo/oop/projet/OOP24-mind-escape/src/resources/rooms/bedroom.tmx
Feb 12, 2025 10:43:01 AM org.tiledreader.TiledReader checkVersion
WARNING: (line 2, column 194): Specified TMX format version (1.10) does not match expected version (1.7). Parsing errors may occur.
Feb 12, 2025 10:43:01 AM org.tiledreader.TiledReader getTileset
INFO: Beginning to parse TSX file: /Users/greppifilippo/oop/projet/OOP24-mind-escape/src/resources/tilesets/Enviroment.tsx
Feb 12, 2025 10:43:01 AM org.tiledreader.TiledReader getTileset
INFO: Finished parsing TSX file: /Users/greppifilippo/oop/projet/OOP24-mind-escape/src/resources/tilesets/Enviroment.tsx
Feb 12, 2025 10:43:01 AM org.tiledreader.TiledReader getTileset
INFO: Beginning to parse TSX file: /Users/greppifilippo/oop/projet/OOP24-mind-escape/src/resources/tilesets/Things.tsx
Feb 12, 2025 10:43:01 AM org.tiledreader.TiledReader getTileset
INFO: Finished parsing TSX file: /Users/greppifilippo/oop/projet/OOP24-mind-escape/src/resources/tilesets/Things.tsx
Feb 12, 2025 10:43:01 AM org.tiledreader.TiledReader getTileset
INFO: Beginning to parse TSX file: /Users/greppifilippo/oop/projet/OOP24-mind-escape/src/resources/tilesets/Things2.tsx
Feb 12, 2025 10:43:01 AM org.tiledreader.TiledReader getTileset
INFO: Finished parsing TSX file: /Users/greppifilippo/oop/projet/OOP24-mind-escape/src/resources/tilesets/Things2.tsx
Feb 12, 2025 10:43:01 AM org.tiledreader.TiledReader getMap
INFO: Finished parsing TMX file: /Users/greppifilippo/oop/projet/OOP24-mind-escape/src/resources/rooms/bedroom.tmx
Feb 12, 2025 10:43:01 AM org.tiledreader.TiledReader getMap
INFO: Beginning to parse TMX file: /Users/greppifilippo/oop/projet/OOP24-mind-escape/src/resources/rooms/archive.tmx
Feb 12, 2025 10:43:01 AM org.tiledreader.TiledReader checkVersion
WARNING: (line 2, column 194): Specified TMX format version (1.10) does not match expected version (1.7). Parsing errors may occur.
Feb 12, 2025 10:43:01 AM org.tiledreader.TiledReader getTileset
INFO: Beginning to parse TSX file: /Users/greppifilippo/oop/projet/OOP24-mind-escape/src/resources/tilesets/Enviroment2.tsx
Feb 12, 2025 10:43:01 AM org.tiledreader.TiledReader getTileset
INFO: Finished parsing TSX file: /Users/greppifilippo/oop/projet/OOP24-mind-escape/src/resources/tilesets/Enviroment2.tsx
Feb 12, 2025 10:43:01 AM org.tiledreader.TiledReader getTileset
INFO: Beginning to parse TSX file: /Users/greppifilippo/oop/projet/OOP24-mind-escape/src/resources/tilesets/Enviroment.tsx
Feb 12, 2025 10:43:01 AM org.tiledreader.TiledReader getTileset
INFO: Finished parsing TSX file: /Users/greppifilippo/oop/projet/OOP24-mind-escape/src/resources/tilesets/Enviroment.tsx
Feb 12, 2025 10:43:01 AM org.tiledreader.TiledReader getTileset
INFO: Beginning to parse TSX file: /Users/greppifilippo/oop/projet/OOP24-mind-escape/src/resources/tilesets/Things2.tsx
Feb 12, 2025 10:43:01 AM org.tiledreader.TiledReader getTileset
INFO: Finished parsing TSX file: /Users/greppifilippo/oop/projet/OOP24-mind-escape/src/resources/tilesets/Things2.tsx
Feb 12, 2025 10:43:01 AM org.tiledreader.TiledReader getTileset
INFO: Beginning to parse TSX file: /Users/greppifilippo/oop/projet/OOP24-mind-escape/src/resources/tilesets/Things.tsx
Feb 12, 2025 10:43:01 AM org.tiledreader.TiledReader getTileset
INFO: Finished parsing TSX file: /Users/greppifilippo/oop/projet/OOP24-mind-escape/src/resources/tilesets/Things.tsx
Feb 12, 2025 10:43:01 AM org.tiledreader.TiledReader getMap
INFO: Finished parsing TMX file: /Users/greppifilippo/oop/projet/OOP24-mind-escape/src/resources/rooms/archive.tmx
Feb 12, 2025 10:43:01 AM org.tiledreader.TiledReader getMap
INFO: Beginning to parse TMX file: /Users/greppifilippo/oop/projet/OOP24-mind-escape/src/resources/rooms/office.tmx
Feb 12, 2025 10:43:01 AM org.tiledreader.TiledReader checkVersion
WARNING: (line 2, column 194): Specified TMX format version (1.10) does not match expected version (1.7). Parsing errors may occur.
Feb 12, 2025 10:43:01 AM org.tiledreader.TiledReader getTileset
INFO: Beginning to parse TSX file: /Users/greppifilippo/oop/projet/OOP24-mind-escape/src/resources/tilesets/Enviroment2.tsx
Feb 12, 2025 10:43:01 AM org.tiledreader.TiledReader getTileset
INFO: Finished parsing TSX file: /Users/greppifilippo/oop/projet/OOP24-mind-escape/src/resources/tilesets/Enviroment2.tsx
Feb 12, 2025 10:43:01 AM org.tiledreader.TiledReader getTileset
INFO: Beginning to parse TSX file: /Users/greppifilippo/oop/projet/OOP24-mind-escape/src/resources/tilesets/Enviroment.tsx
Feb 12, 2025 10:43:01 AM org.tiledreader.TiledReader getTileset
INFO: Finished parsing TSX file: /Users/greppifilippo/oop/projet/OOP24-mind-escape/src/resources/tilesets/Enviroment.tsx
Feb 12, 2025 10:43:01 AM org.tiledreader.TiledReader getTileset
INFO: Beginning to parse TSX file: /Users/greppifilippo/oop/projet/OOP24-mind-escape/src/resources/tilesets/Things.tsx
Feb 12, 2025 10:43:01 AM org.tiledreader.TiledReader getTileset
INFO: Finished parsing TSX file: /Users/greppifilippo/oop/projet/OOP24-mind-escape/src/resources/tilesets/Things.tsx
Feb 12, 2025 10:43:01 AM org.tiledreader.TiledReader getTileset
INFO: Beginning to parse TSX file: /Users/greppifilippo/oop/projet/OOP24-mind-escape/src/resources/tilesets/Things2.tsx
Feb 12, 2025 10:43:01 AM org.tiledreader.TiledReader getTileset
INFO: Finished parsing TSX file: /Users/greppifilippo/oop/projet/OOP24-mind-escape/src/resources/tilesets/Things2.tsx
Feb 12, 2025 10:43:01 AM org.tiledreader.TiledReader getMap
INFO: Finished parsing TMX file: /Users/greppifilippo/oop/projet/OOP24-mind-escape/src/resources/rooms/office.tmx
Feb 12, 2025 10:43:01 AM org.tiledreader.TiledReader getMap
INFO: Beginning to parse TMX file: /Users/greppifilippo/oop/projet/OOP24-mind-escape/src/resources/rooms/final.tmx
Feb 12, 2025 10:43:01 AM org.tiledreader.TiledReader checkVersion
WARNING: (line 2, column 193): Specified TMX format version (1.10) does not match expected version (1.7). Parsing errors may occur.
Feb 12, 2025 10:43:01 AM org.tiledreader.TiledReader getTileset
INFO: Beginning to parse TSX file: /Users/greppifilippo/oop/projet/OOP24-mind-escape/src/resources/tilesets/Enviroment2.tsx
Feb 12, 2025 10:43:01 AM org.tiledreader.TiledReader getTileset
INFO: Finished parsing TSX file: /Users/greppifilippo/oop/projet/OOP24-mind-escape/src/resources/tilesets/Enviroment2.tsx
Feb 12, 2025 10:43:01 AM org.tiledreader.TiledReader getTileset
INFO: Beginning to parse TSX file: /Users/greppifilippo/oop/projet/OOP24-mind-escape/src/resources/tilesets/Enviroment.tsx
Feb 12, 2025 10:43:01 AM org.tiledreader.TiledReader getTileset
INFO: Finished parsing TSX file: /Users/greppifilippo/oop/projet/OOP24-mind-escape/src/resources/tilesets/Enviroment.tsx
Feb 12, 2025 10:43:01 AM org.tiledreader.TiledReader getMap
INFO: Finished parsing TMX file: /Users/greppifilippo/oop/projet/OOP24-mind-escape/src/resources/rooms/final.tmx
Feb 12, 2025 10:43:01 AM org.tiledreader.TiledReader getMap
INFO: Beginning to parse TMX file: /Users/greppifilippo/oop/projet/OOP24-mind-escape/src/resources/rooms/canteen.tmx
Feb 12, 2025 10:43:01 AM org.tiledreader.TiledReader checkVersion
WARNING: (line 2, column 194): Specified TMX format version (1.10) does not match expected version (1.7). Parsing errors may occur.
Feb 12, 2025 10:43:01 AM org.tiledreader.TiledReader getTileset
INFO: Beginning to parse TSX file: /Users/greppifilippo/oop/projet/OOP24-mind-escape/src/resources/tilesets/Enviroment.tsx
Feb 12, 2025 10:43:01 AM org.tiledreader.TiledReader getTileset
INFO: Finished parsing TSX file: /Users/greppifilippo/oop/projet/OOP24-mind-escape/src/resources/tilesets/Enviroment.tsx
Feb 12, 2025 10:43:01 AM org.tiledreader.TiledReader getTileset
INFO: Beginning to parse TSX file: /Users/greppifilippo/oop/projet/OOP24-mind-escape/src/resources/tilesets/Things.tsx
Feb 12, 2025 10:43:01 AM org.tiledreader.TiledReader getTileset
INFO: Finished parsing TSX file: /Users/greppifilippo/oop/projet/OOP24-mind-escape/src/resources/tilesets/Things.tsx
Feb 12, 2025 10:43:01 AM org.tiledreader.TiledReader getTileset
INFO: Beginning to parse TSX file: /Users/greppifilippo/oop/projet/OOP24-mind-escape/src/resources/tilesets/Enviroment2.tsx
Feb 12, 2025 10:43:01 AM org.tiledreader.TiledReader getTileset
INFO: Finished parsing TSX file: /Users/greppifilippo/oop/projet/OOP24-mind-escape/src/resources/tilesets/Enviroment2.tsx
Feb 12, 2025 10:43:01 AM org.tiledreader.TiledReader giveUnexpectedAttributeWarning
WARNING: (line 26, column 56): Ignoring unexpected tag attribute (class)
Feb 12, 2025 10:43:01 AM org.tiledreader.TiledReader getMap
INFO: Finished parsing TMX file: /Users/greppifilippo/oop/projet/OOP24-mind-escape/src/resources/rooms/canteen.tmx
Feb 12, 2025 10:43:01 AM org.tiledreader.TiledReader getMap
INFO: Beginning to parse TMX file: /Users/greppifilippo/oop/projet/OOP24-mind-escape/src/resources/rooms/bedroom.tmx
Feb 12, 2025 10:43:01 AM org.tiledreader.TiledReader checkVersion
WARNING: (line 2, column 194): Specified TMX format version (1.10) does not match expected version (1.7). Parsing errors may occur.
Feb 12, 2025 10:43:01 AM org.tiledreader.TiledReader getTileset
INFO: Beginning to parse TSX file: /Users/greppifilippo/oop/projet/OOP24-mind-escape/src/resources/tilesets/Enviroment.tsx
Feb 12, 2025 10:43:01 AM org.tiledreader.TiledReader getTileset
INFO: Finished parsing TSX file: /Users/greppifilippo/oop/projet/OOP24-mind-escape/src/resources/tilesets/Enviroment.tsx
Feb 12, 2025 10:43:01 AM org.tiledreader.TiledReader getTileset
INFO: Beginning to parse TSX file: /Users/greppifilippo/oop/projet/OOP24-mind-escape/src/resources/tilesets/Things.tsx
Feb 12, 2025 10:43:01 AM org.tiledreader.TiledReader getTileset
INFO: Finished parsing TSX file: /Users/greppifilippo/oop/projet/OOP24-mind-escape/src/resources/tilesets/Things.tsx
Feb 12, 2025 10:43:01 AM org.tiledreader.TiledReader getTileset
INFO: Beginning to parse TSX file: /Users/greppifilippo/oop/projet/OOP24-mind-escape/src/resources/tilesets/Things2.tsx
Feb 12, 2025 10:43:01 AM org.tiledreader.TiledReader getTileset
INFO: Finished parsing TSX file: /Users/greppifilippo/oop/projet/OOP24-mind-escape/src/resources/tilesets/Things2.tsx
Feb 12, 2025 10:43:01 AM org.tiledreader.TiledReader getMap
INFO: Finished parsing TMX file: /Users/greppifilippo/oop/projet/OOP24-mind-escape/src/resources/rooms/bedroom.tmx
Feb 12, 2025 10:43:01 AM org.tiledreader.TiledReader getMap
INFO: Beginning to parse TMX file: /Users/greppifilippo/oop/projet/OOP24-mind-escape/src/resources/rooms/archive.tmx
[...]
INFO: Finished parsing TSX file: /Users/greppifilippo/oop/projet/OOP24-mind-escape/src/resources/tilesets/Things2.tsx
Feb 12, 2025 10:43:01 AM org.tiledreader.TiledReader getMap
INFO: Finished parsing TMX file: /Users/greppifilippo/oop/projet/OOP24-mind-escape/src/resources/rooms/bedroom.tmx
Feb 12, 2025 10:43:01 AM org.tiledreader.TiledReader getMap
INFO: Beginning to parse TMX file: /Users/greppifilippo/oop/projet/OOP24-mind-escape/src/resources/rooms/archive.tmx
Feb 12, 2025 10:43:01 AM org.tiledreader.TiledReader checkVersion
WARNING: (line 2, column 194): Specified TMX format version (1.10) does not match expected version (1.7). Parsing errors may occur.
Feb 12, 2025 10:43:01 AM org.tiledreader.TiledReader getTileset
INFO: Beginning to parse TSX file: /Users/greppifilippo/oop/projet/OOP24-mind-escape/src/resources/tilesets/Enviroment2.tsx
Feb 12, 2025 10:43:01 AM org.tiledreader.TiledReader getTileset
INFO: Finished parsing TSX file: /Users/greppifilippo/oop/projet/OOP24-mind-escape/src/resources/tilesets/Enviroment2.tsx
Feb 12, 2025 10:43:01 AM org.tiledreader.TiledReader getTileset
INFO: Beginning to parse TSX file: /Users/greppifilippo/oop/projet/OOP24-mind-escape/src/resources/tilesets/Enviroment.tsx
Feb 12, 2025 10:43:01 AM org.tiledreader.TiledReader getTileset
INFO: Finished parsing TSX file: /Users/greppifilippo/oop/projet/OOP24-mind-escape/src/resources/tilesets/Enviroment.tsx
Feb 12, 2025 10:43:01 AM org.tiledreader.TiledReader getTileset
INFO: Beginning to parse TSX file: /Users/greppifilippo/oop/projet/OOP24-mind-escape/src/resources/tilesets/Things2.tsx
Feb 12, 2025 10:43:01 AM org.tiledreader.TiledReader getTileset
INFO: Finished parsing TSX file: /Users/greppifilippo/oop/projet/OOP24-mind-escape/src/resources/tilesets/Things2.tsx
Feb 12, 2025 10:43:01 AM org.tiledreader.TiledReader getTileset
INFO: Beginning to parse TSX file: /Users/greppifilippo/oop/projet/OOP24-mind-escape/src/resources/tilesets/Things.tsx
Feb 12, 2025 10:43:01 AM org.tiledreader.TiledReader getTileset
INFO: Finished parsing TSX file: /Users/greppifilippo/oop/projet/OOP24-mind-escape/src/resources/tilesets/Things.tsx
Feb 12, 2025 10:43:01 AM org.tiledreader.TiledReader getMap
INFO: Finished parsing TMX file: /Users/greppifilippo/oop/projet/OOP24-mind-escape/src/resources/rooms/archive.tmx
Feb 12, 2025 10:43:01 AM org.tiledreader.TiledReader getMap
INFO: Beginning to parse TMX file: /Users/greppifilippo/oop/projet/OOP24-mind-escape/src/resources/rooms/office.tmx
Feb 12, 2025 10:43:01 AM org.tiledreader.TiledReader checkVersion
WARNING: (line 2, column 194): Specified TMX format version (1.10) does not match expected version (1.7). Parsing errors may occur.
Feb 12, 2025 10:43:01 AM org.tiledreader.TiledReader getTileset
INFO: Beginning to parse TSX file: /Users/greppifilippo/oop/projet/OOP24-mind-escape/src/resources/tilesets/Enviroment2.tsx
Feb 12, 2025 10:43:01 AM org.tiledreader.TiledReader getTileset
INFO: Finished parsing TSX file: /Users/greppifilippo/oop/projet/OOP24-mind-escape/src/resources/tilesets/Enviroment2.tsx
Feb 12, 2025 10:43:01 AM org.tiledreader.TiledReader getTileset
INFO: Beginning to parse TSX file: /Users/greppifilippo/oop/projet/OOP24-mind-escape/src/resources/tilesets/Enviroment.tsx
Feb 12, 2025 10:43:01 AM org.tiledreader.TiledReader getTileset
INFO: Finished parsing TSX file: /Users/greppifilippo/oop/projet/OOP24-mind-escape/src/resources/tilesets/Enviroment.tsx
Feb 12, 2025 10:43:01 AM org.tiledreader.TiledReader getTileset
INFO: Beginning to parse TSX file: /Users/greppifilippo/oop/projet/OOP24-mind-escape/src/resources/tilesets/Things.tsx
Feb 12, 2025 10:43:01 AM org.tiledreader.TiledReader getTileset
INFO: Finished parsing TSX file: /Users/greppifilippo/oop/projet/OOP24-mind-escape/src/resources/tilesets/Things.tsx
Feb 12, 2025 10:43:01 AM org.tiledreader.TiledReader getTileset
INFO: Beginning to parse TSX file: /Users/greppifilippo/oop/projet/OOP24-mind-escape/src/resources/tilesets/Things2.tsx
Feb 12, 2025 10:43:01 AM org.tiledreader.TiledReader getTileset
INFO: Finished parsing TSX file: /Users/greppifilippo/oop/projet/OOP24-mind-escape/src/resources/tilesets/Things2.tsx
Feb 12, 2025 10:43:01 AM org.tiledreader.TiledReader getMap
INFO: Finished parsing TMX file: /Users/greppifilippo/oop/projet/OOP24-mind-escape/src/resources/rooms/office.tmx
Feb 12, 2025 10:43:01 AM org.tiledreader.TiledReader getMap
INFO: Beginning to parse TMX file: /Users/greppifilippo/oop/projet/OOP24-mind-escape/src/resources/rooms/final.tmx
Feb 12, 2025 10:43:01 AM org.tiledreader.TiledReader checkVersion
WARNING: (line 2, column 193): Specified TMX format version (1.10) does not match expected version (1.7). Parsing errors may occur.
Feb 12, 2025 10:43:01 AM org.tiledreader.TiledReader getTileset
INFO: Beginning to parse TSX file: /Users/greppifilippo/oop/projet/OOP24-mind-escape/src/resources/tilesets/Enviroment2.tsx
Feb 12, 2025 10:43:01 AM org.tiledreader.TiledReader getTileset
INFO: Finished parsing TSX file: /Users/greppifilippo/oop/projet/OOP24-mind-escape/src/resources/tilesets/Enviroment2.tsx
Feb 12, 2025 10:43:01 AM org.tiledreader.TiledReader getTileset
INFO: Beginning to parse TSX file: /Users/greppifilippo/oop/projet/OOP24-mind-escape/src/resources/tilesets/Enviroment.tsx
Feb 12, 2025 10:43:01 AM org.tiledreader.TiledReader getTileset
INFO: Finished parsing TSX file: /Users/greppifilippo/oop/projet/OOP24-mind-escape/src/resources/tilesets/Enviroment.tsx
Feb 12, 2025 10:43:01 AM org.tiledreader.TiledReader getMap
INFO: Finished parsing TMX file: /Users/greppifilippo/oop/projet/OOP24-mind-escape/src/resources/rooms/final.tmx
Feb 12, 2025 10:43:01 AM org.tiledreader.TiledReader getMap
INFO: Beginning to parse TMX file: /Users/greppifilippo/oop/projet/OOP24-mind-escape/src/resources/rooms/canteen.tmx
Feb 12, 2025 10:43:01 AM org.tiledreader.TiledReader checkVersion
WARNING: (line 2, column 194): Specified TMX format version (1.10) does not match expected version (1.7). Parsing errors may occur.
Feb 12, 2025 10:43:01 AM org.tiledreader.TiledReader getTileset
INFO: Beginning to parse TSX file: /Users/greppifilippo/oop/projet/OOP24-mind-escape/src/resources/tilesets/Enviroment.tsx
Feb 12, 2025 10:43:01 AM org.tiledreader.TiledReader getTileset
INFO: Finished parsing TSX file: /Users/greppifilippo/oop/projet/OOP24-mind-escape/src/resources/tilesets/Enviroment.tsx
Feb 12, 2025 10:43:01 AM org.tiledreader.TiledReader getTileset
INFO: Beginning to parse TSX file: /Users/greppifilippo/oop/projet/OOP24-mind-escape/src/resources/tilesets/Things.tsx
Feb 12, 2025 10:43:01 AM org.tiledreader.TiledReader getTileset
INFO: Finished parsing TSX file: /Users/greppifilippo/oop/projet/OOP24-mind-escape/src/resources/tilesets/Things.tsx
Feb 12, 2025 10:43:01 AM org.tiledreader.TiledReader getTileset
INFO: Beginning to parse TSX file: /Users/greppifilippo/oop/projet/OOP24-mind-escape/src/resources/tilesets/Enviroment2.tsx
Feb 12, 2025 10:43:01 AM org.tiledreader.TiledReader getTileset
INFO: Finished parsing TSX file: /Users/greppifilippo/oop/projet/OOP24-mind-escape/src/resources/tilesets/Enviroment2.tsx
Feb 12, 2025 10:43:01 AM org.tiledreader.TiledReader giveUnexpectedAttributeWarning
WARNING: (line 26, column 56): Ignoring unexpected tag attribute (class)
Feb 12, 2025 10:43:01 AM org.tiledreader.TiledReader getMap
INFO: Finished parsing TMX file: /Users/greppifilippo/oop/projet/OOP24-mind-escape/src/resources/rooms/canteen.tmx
Feb 12, 2025 10:43:01 AM org.tiledreader.TiledReader getMap
INFO: Beginning to parse TMX file: /Users/greppifilippo/oop/projet/OOP24-mind-escape/src/resources/rooms/bedroom.tmx
Feb 12, 2025 10:43:01 AM org.tiledreader.TiledReader checkVersion
WARNING: (line 2, column 194): Specified TMX format version (1.10) does not match expected version (1.7). Parsing errors may occur.
Feb 12, 2025 10:43:01 AM org.tiledreader.TiledReader getTileset
INFO: Beginning to parse TSX file: /Users/greppifilippo/oop/projet/OOP24-mind-escape/src/resources/tilesets/Enviroment.tsx
Feb 12, 2025 10:43:01 AM org.tiledreader.TiledReader getTileset
INFO: Finished parsing TSX file: /Users/greppifilippo/oop/projet/OOP24-mind-escape/src/resources/tilesets/Enviroment.tsx
Feb 12, 2025 10:43:01 AM org.tiledreader.TiledReader getTileset
INFO: Beginning to parse TSX file: /Users/greppifilippo/oop/projet/OOP24-mind-escape/src/resources/tilesets/Things.tsx
Feb 12, 2025 10:43:01 AM org.tiledreader.TiledReader getTileset
INFO: Finished parsing TSX file: /Users/greppifilippo/oop/projet/OOP24-mind-escape/src/resources/tilesets/Things.tsx
Feb 12, 2025 10:43:01 AM org.tiledreader.TiledReader getTileset
INFO: Beginning to parse TSX file: /Users/greppifilippo/oop/projet/OOP24-mind-escape/src/resources/tilesets/Things2.tsx
Feb 12, 2025 10:43:01 AM org.tiledreader.TiledReader getTileset
INFO: Finished parsing TSX file: /Users/greppifilippo/oop/projet/OOP24-mind-escape/src/resources/tilesets/Things2.tsx
Feb 12, 2025 10:43:01 AM org.tiledreader.TiledReader getMap
INFO: Finished parsing TMX file: /Users/greppifilippo/oop/projet/OOP24-mind-escape/src/resources/rooms/bedroom.tmx
Feb 12, 2025 10:43:01 AM org.tiledreader.TiledReader getMap
INFO: Beginning to parse TMX file: /Users/greppifilippo/oop/projet/OOP24-mind-escape/src/resources/rooms/archive.tmx
Feb 12, 2025 10:43:01 AM org.tiledreader.TiledReader checkVersion
WARNING: (line 2, column 194): Specified TMX format version (1.10) does not match expected version (1.7). Parsing errors may occur.
Feb 12, 2025 10:43:01 AM org.tiledreader.TiledReader getTileset
INFO: Beginning to parse TSX file: /Users/greppifilippo/oop/projet/OOP24-mind-escape/src/resources/tilesets/Enviroment2.tsx
Feb 12, 2025 10:43:01 AM org.tiledreader.TiledReader getTileset
INFO: Finished parsing TSX file: /Users/greppifilippo/oop/projet/OOP24-mind-escape/src/resources/tilesets/Enviroment2.tsx
Feb 12, 2025 10:43:01 AM org.tiledreader.TiledReader getTileset
INFO: Beginning to parse TSX file: /Users/greppifilippo/oop/projet/OOP24-mind-escape/src/resources/tilesets/Enviroment.tsx
Feb 12, 2025 10:43:01 AM org.tiledreader.TiledReader getTileset
INFO: Finished parsing TSX file: /Users/greppifilippo/oop/projet/OOP24-mind-escape/src/resources/tilesets/Enviroment.tsx
Feb 12, 2025 10:43:01 AM org.tiledreader.TiledReader getTileset
INFO: Beginning to parse TSX file: /Users/greppifilippo/oop/projet/OOP24-mind-escape/src/resources/tilesets/Things2.tsx
Feb 12, 2025 10:43:01 AM org.tiledreader.TiledReader getTileset
INFO: Finished parsing TSX file: /Users/greppifilippo/oop/projet/OOP24-mind-escape/src/resources/tilesets/Things2.tsx
Feb 12, 2025 10:43:01 AM org.tiledreader.TiledReader getTileset
INFO: Beginning to parse TSX file: /Users/greppifilippo/oop/projet/OOP24-mind-escape/src/resources/tilesets/Things.tsx
Feb 12, 2025 10:43:01 AM org.tiledreader.TiledReader getTileset
INFO: Finished parsing TSX file: /Users/greppifilippo/oop/projet/OOP24-mind-escape/src/resources/tilesets/Things.tsx
Feb 12, 2025 10:43:01 AM org.tiledreader.TiledReader getMap
INFO: Finished parsing TMX file: /Users/greppifilippo/oop/projet/OOP24-mind-escape/src/resources/rooms/archive.tmx
Feb 12, 2025 10:43:01 AM org.tiledreader.TiledReader getMap
INFO: Beginning to parse TMX file: /Users/greppifilippo/oop/projet/OOP24-mind-escape/src/resources/rooms/office.tmx
Feb 12, 2025 10:43:01 AM org.tiledreader.TiledReader checkVersion
WARNING: (line 2, column 194): Specified TMX format version (1.10) does not match expected version (1.7). Parsing errors may occur.
Feb 12, 2025 10:43:01 AM org.tiledreader.TiledReader getTileset
INFO: Beginning to parse TSX file: /Users/greppifilippo/oop/projet/OOP24-mind-escape/src/resources/tilesets/Enviroment2.tsx
Feb 12, 2025 10:43:01 AM org.tiledreader.TiledReader getTileset
INFO: Finished parsing TSX file: /Users/greppifilippo/oop/projet/OOP24-mind-escape/src/resources/tilesets/Enviroment2.tsx
Feb 12, 2025 10:43:01 AM org.tiledreader.TiledReader getTileset
INFO: Beginning to parse TSX file: /Users/greppifilippo/oop/projet/OOP24-mind-escape/src/resources/tilesets/Enviroment.tsx
Feb 12, 2025 10:43:01 AM org.tiledreader.TiledReader getTileset
INFO: Finished parsing TSX file: /Users/greppifilippo/oop/projet/OOP24-mind-escape/src/resources/tilesets/Enviroment.tsx
Feb 12, 2025 10:43:01 AM org.tiledreader.TiledReader getTileset
INFO: Beginning to parse TSX file: /Users/greppifilippo/oop/projet/OOP24-mind-escape/src/resources/tilesets/Things.tsx
Feb 12, 2025 10:43:01 AM org.tiledreader.TiledReader getTileset
INFO: Finished parsing TSX file: /Users/greppifilippo/oop/projet/OOP24-mind-escape/src/resources/tilesets/Things.tsx
Feb 12, 2025 10:43:01 AM org.tiledreader.TiledReader getTileset
INFO: Beginning to parse TSX file: /Users/greppifilippo/oop/projet/OOP24-mind-escape/src/resources/tilesets/Things2.tsx
Feb 12, 2025 10:43:01 AM org.tiledreader.TiledReader getTileset
INFO: Finished parsing TSX file: /Users/greppifilippo/oop/projet/OOP24-mind-escape/src/resources/tilesets/Things2.tsx
Feb 12, 2025 10:43:01 AM org.tiledreader.TiledReader getMap
INFO: Finished parsing TMX file: /Users/greppifilippo/oop/projet/OOP24-mind-escape/src/resources/rooms/office.tmx
Feb 12, 2025 10:43:01 AM org.tiledreader.TiledReader getMap
INFO: Beginning to parse TMX file: /Users/greppifilippo/oop/projet/OOP24-mind-escape/src/resources/rooms/final.tmx
Feb 12, 2025 10:43:01 AM org.tiledreader.TiledReader checkVersion
WARNING: (line 2, column 193): Specified TMX format version (1.10) does not match expected version (1.7). Parsing errors may occur.
Feb 12, 2025 10:43:01 AM org.tiledreader.TiledReader getTileset
INFO: Beginning to parse TSX file: /Users/greppifilippo/oop/projet/OOP24-mind-escape/src/resources/tilesets/Enviroment2.tsx
Feb 12, 2025 10:43:01 AM org.tiledreader.TiledReader getTileset
INFO: Finished parsing TSX file: /Users/greppifilippo/oop/projet/OOP24-mind-escape/src/resources/tilesets/Enviroment2.tsx
Feb 12, 2025 10:43:01 AM org.tiledreader.TiledReader getTileset
INFO: Beginning to parse TSX file: /Users/greppifilippo/oop/projet/OOP24-mind-escape/src/resources/tilesets/Enviroment.tsx
Feb 12, 2025 10:43:01 AM org.tiledreader.TiledReader getTileset
INFO: Finished parsing TSX file: /Users/greppifilippo/oop/projet/OOP24-mind-escape/src/resources/tilesets/Enviroment.tsx
Feb 12, 2025 10:43:01 AM org.tiledreader.TiledReader getMap
INFO: Finished parsing TMX file: /Users/greppifilippo/oop/projet/OOP24-mind-escape/src/resources/rooms/final.tmx
Feb 12, 2025 10:43:01 AM org.tiledreader.TiledReader getMap
INFO: Beginning to parse TMX file: /Users/greppifilippo/oop/projet/OOP24-mind-escape/src/resources/rooms/canteen.tmx
Feb 12, 2025 10:43:01 AM org.tiledreader.TiledReader checkVersion
WARNING: (line 2, column 194): Specified TMX format version (1.10) does not match expected version (1.7). Parsing errors may occur.
Feb 12, 2025 10:43:01 AM org.tiledreader.TiledReader getTileset
INFO: Beginning to parse TSX file: /Users/greppifilippo/oop/projet/OOP24-mind-escape/src/resources/tilesets/Enviroment.tsx
Feb 12, 2025 10:43:01 AM org.tiledreader.TiledReader getTileset
INFO: Finished parsing TSX file: /Users/greppifilippo/oop/projet/OOP24-mind-escape/src/resources/tilesets/Enviroment.tsx
Feb 12, 2025 10:43:01 AM org.tiledreader.TiledReader getTileset
INFO: Beginning to parse TSX file: /Users/greppifilippo/oop/projet/OOP24-mind-escape/src/resources/tilesets/Things.tsx
Feb 12, 2025 10:43:01 AM org.tiledreader.TiledReader getTileset
INFO: Finished parsing TSX file: /Users/greppifilippo/oop/projet/OOP24-mind-escape/src/resources/tilesets/Things.tsx
Feb 12, 2025 10:43:01 AM org.tiledreader.TiledReader getTileset
INFO: Beginning to parse TSX file: /Users/greppifilippo/oop/projet/OOP24-mind-escape/src/resources/tilesets/Enviroment2.tsx
Feb 12, 2025 10:43:01 AM org.tiledreader.TiledReader getTileset
INFO: Finished parsing TSX file: /Users/greppifilippo/oop/projet/OOP24-mind-escape/src/resources/tilesets/Enviroment2.tsx
Feb 12, 2025 10:43:01 AM org.tiledreader.TiledReader giveUnexpectedAttributeWarning
WARNING: (line 26, column 56): Ignoring unexpected tag attribute (class)
Feb 12, 2025 10:43:01 AM org.tiledreader.TiledReader getMap
INFO: Finished parsing TMX file: /Users/greppifilippo/oop/projet/OOP24-mind-escape/src/resources/rooms/canteen.tmx
Feb 12, 2025 10:43:01 AM org.tiledreader.TiledReader getMap
INFO: Beginning to parse TMX file: /Users/greppifilippo/oop/projet/OOP24-mind-escape/src/resources/rooms/bedroom.tmx
Feb 12, 2025 10:43:01 AM org.tiledreader.TiledReader checkVersion
WARNING: (line 2, column 194): Specified TMX format version (1.10) does not match expected version (1.7). Parsing errors may occur.
Feb 12, 2025 10:43:01 AM org.tiledreader.TiledReader getTileset
INFO: Beginning to parse TSX file: /Users/greppifilippo/oop/projet/OOP24-mind-escape/src/resources/tilesets/Enviroment.tsx
Feb 12, 2025 10:43:01 AM org.tiledreader.TiledReader getTileset
INFO: Finished parsing TSX file: /Users/greppifilippo/oop/projet/OOP24-mind-escape/src/resources/tilesets/Enviroment.tsx
Feb 12, 2025 10:43:01 AM org.tiledreader.TiledReader getTileset
INFO: Beginning to parse TSX file: /Users/greppifilippo/oop/projet/OOP24-mind-escape/src/resources/tilesets/Things.tsx
Feb 12, 2025 10:43:01 AM org.tiledreader.TiledReader getTileset
INFO: Finished parsing TSX file: /Users/greppifilippo/oop/projet/OOP24-mind-escape/src/resources/tilesets/Things.tsx
Feb 12, 2025 10:43:01 AM org.tiledreader.TiledReader getTileset
INFO: Beginning to parse TSX file: /Users/greppifilippo/oop/projet/OOP24-mind-escape/src/resources/tilesets/Things2.tsx
Feb 12, 2025 10:43:01 AM org.tiledreader.TiledReader getTileset
INFO: Finished parsing TSX file: /Users/greppifilippo/oop/projet/OOP24-mind-escape/src/resources/tilesets/Things2.tsx
Feb 12, 2025 10:43:01 AM org.tiledreader.TiledReader getMap
INFO: Finished parsing TMX file: /Users/greppifilippo/oop/projet/OOP24-mind-escape/src/resources/rooms/bedroom.tmx
Feb 12, 2025 10:43:01 AM org.tiledreader.TiledReader getMap
INFO: Beginning to parse TMX file: /Users/greppifilippo/oop/projet/OOP24-mind-escape/src/resources/rooms/archive.tmx
Feb 12, 2025 10:43:01 AM org.tiledreader.TiledReader checkVersion
WARNING: (line 2, column 194): Specified TMX format version (1.10) does not match expected version (1.7). Parsing errors may occur.
Feb 12, 2025 10:43:01 AM org.tiledreader.TiledReader getTileset
INFO: Beginning to parse TSX file: /Users/greppifilippo/oop/projet/OOP24-mind-escape/src/resources/tilesets/Enviroment2.tsx
Feb 12, 2025 10:43:01 AM org.tiledreader.TiledReader getTileset
INFO: Finished parsing TSX file: /Users/greppifilippo/oop/projet/OOP24-mind-escape/src/resources/tilesets/Enviroment2.tsx
Feb 12, 2025 10:43:01 AM org.tiledreader.TiledReader getTileset
INFO: Beginning to parse TSX file: /Users/greppifilippo/oop/projet/OOP24-mind-escape/src/resources/tilesets/Enviroment.tsx
Feb 12, 2025 10:43:01 AM org.tiledreader.TiledReader getTileset
INFO: Finished parsing TSX file: /Users/greppifilippo/oop/projet/OOP24-mind-escape/src/resources/tilesets/Enviroment.tsx
Feb 12, 2025 10:43:01 AM org.tiledreader.TiledReader getTileset
INFO: Beginning to parse TSX file: /Users/greppifilippo/oop/projet/OOP24-mind-escape/src/resources/tilesets/Things2.tsx
Feb 12, 2025 10:43:01 AM org.tiledreader.TiledReader getTileset
INFO: Finished parsing TSX file: /Users/greppifilippo/oop/projet/OOP24-mind-escape/src/resources/tilesets/Things2.tsx
Feb 12, 2025 10:43:01 AM org.tiledreader.TiledReader getTileset
INFO: Beginning to parse TSX file: /Users/greppifilippo/oop/projet/OOP24-mind-escape/src/resources/tilesets/Things.tsx
Feb 12, 2025 10:43:01 AM org.tiledreader.TiledReader getTileset
INFO: Finished parsing TSX file: /Users/greppifilippo/oop/projet/OOP24-mind-escape/src/resources/tilesets/Things.tsx
Feb 12, 2025 10:43:01 AM org.tiledreader.TiledReader getMap
INFO: Finished parsing TMX file: /Users/greppifilippo/oop/projet/OOP24-mind-escape/src/resources/rooms/archive.tmx
]]></system-err>
</testsuite>
